#
# There is insufficient memory for the Java Runtime Environment to continue.
# Native memory allocation (malloc) failed to allocate 1040336 bytes for Chunk::new
# Possible reasons:
#   The system is out of physical RAM or swap space
#   In 32 bit mode, the process size limit was hit
# Possible solutions:
#   Reduce memory load on the system
#   Increase physical memory or swap space
#   Check if swap backing store is full
#   Use 64 bit Java on a 64 bit OS
#   Decrease Java heap size (-Xmx/-Xms)
#   Decrease number of Java threads
#   Decrease Java thread stack sizes (-Xss)
#   Set larger code cache with -XX:ReservedCodeCacheSize=
# This output file may be truncated or incomplete.
#
#  Out of Memory Error (allocation.cpp:390), pid=14912, tid=0x0000000000003ef4
#
# JRE version: Java(TM) SE Runtime Environment (8.0_181-b13) (build 1.8.0_181-b13)
# Java VM: Java HotSpot(TM) 64-Bit Server VM (25.181-b13 mixed mode windows-amd64 compressed oops)
# Failed to write core dump. Minidumps are not enabled by default on client versions of Windows
#

---------------  T H R E A D  ---------------

Current thread (0x000000001e9fc800):  JavaThread "C2 CompilerThread1" daemon [_thread_in_native, id=16116, stack(0x0000000020110000,0x0000000020210000)]

Stack: [0x0000000020110000,0x0000000020210000]
[error occurred during error reporting (printing stack bounds), id 0xc0000005]

Native frames: (J=compiled Java code, j=interpreted, Vv=VM code, C=native code)


Current CompileTask:
C2:   9517 3683       4       org.springframework.boot.context.properties.source.SoftReferenceConfigurationPropertyCache::get (67 bytes)


---------------  P R O C E S S  ---------------

Java Threads: ( => current thread )
  0x0000000021b49800 JavaThread "Abandoned connection cleanup thread" daemon [_thread_blocked, id=11944, stack(0x0000000025870000,0x0000000025970000)]
  0x0000000021b48800 JavaThread "Keep-Alive-Timer" daemon [_thread_blocked, id=8516, stack(0x00000000245a0000,0x00000000246a0000)]
  0x0000000021b45800 JavaThread "spring.cloud.inetutils" daemon [_thread_in_native, id=9188, stack(0x00000000242a0000,0x00000000243a0000)]
  0x0000000021b4a000 JavaThread "com.alibaba.nacos.client.Worker.fixed-192.168.175.161_8848" daemon [_thread_blocked, id=23396, stack(0x00000000240a0000,0x00000000241a0000)]
  0x0000000021b45000 JavaThread "com.alibaba.nacos.client.config.security.updater" daemon [_thread_blocked, id=17764, stack(0x0000000023fa0000,0x00000000240a0000)]
  0x0000000021b47000 JavaThread "Timer-0" daemon [_thread_blocked, id=13708, stack(0x0000000023ea0000,0x0000000023fa0000)]
  0x00000000217e8800 JavaThread "spring.cloud.inetutils" daemon [_thread_in_native, id=20424, stack(0x0000000022290000,0x0000000022390000)]
  0x000000001eaa9800 JavaThread "Service Thread" daemon [_thread_blocked, id=19492, stack(0x0000000020410000,0x0000000020510000)]
  0x000000001ea0e800 JavaThread "C1 CompilerThread3" daemon [_thread_blocked, id=10712, stack(0x0000000020310000,0x0000000020410000)]
  0x000000001ea04000 JavaThread "C2 CompilerThread2" daemon [_thread_in_native, id=21704, stack(0x0000000020210000,0x0000000020310000)]
=>0x000000001e9fc800 JavaThread "C2 CompilerThread1" daemon [_thread_in_native, id=16116, stack(0x0000000020110000,0x0000000020210000)]
  0x000000001e9f8000 JavaThread "C2 CompilerThread0" daemon [_thread_in_native, id=22748, stack(0x0000000020010000,0x0000000020110000)]
  0x000000001e9f6000 JavaThread "Monitor Ctrl-Break" daemon [_thread_in_native, id=1708, stack(0x000000001ff10000,0x0000000020010000)]
  0x000000001e9ce000 JavaThread "Attach Listener" daemon [_thread_blocked, id=1320, stack(0x000000001fe10000,0x000000001ff10000)]
  0x000000001e97a000 JavaThread "Signal Dispatcher" daemon [_thread_blocked, id=17068, stack(0x000000001fd10000,0x000000001fe10000)]
  0x000000001d28b000 JavaThread "Finalizer" daemon [_thread_blocked, id=21256, stack(0x000000001fbb0000,0x000000001fcb0000)]
  0x000000001d284800 JavaThread "Reference Handler" daemon [_thread_blocked, id=11988, stack(0x000000001fab0000,0x000000001fbb0000)]
  0x0000000003444800 JavaThread "main" [_thread_in_vm, id=23120, stack(0x0000000003340000,0x0000000003440000)]

Other Threads:
  0x000000001d279800 VMThread [stack: 0x000000001f9b0000,0x000000001fab0000] [id=23604]
  0x000000001eb0b000 WatcherThread [stack: 0x0000000020510000,0x0000000020610000] [id=23192]

VM state:not at safepoint (normal execution)

VM Mutex/Monitor currently owned by a thread: None

Heap:
 PSYoungGen      total 243200K, used 92148K [0x000000076b600000, 0x000000077b100000, 0x00000007c0000000)
  eden space 230400K, 39% used [0x000000076b600000,0x0000000770ffd1b8,0x0000000779700000)
  from space 12800K, 0% used [0x0000000779800000,0x0000000779800000,0x000000077a480000)
  to   space 11264K, 0% used [0x000000077a600000,0x000000077a600000,0x000000077b100000)
 ParOldGen       total 111104K, used 12369K [0x00000006c2200000, 0x00000006c8e80000, 0x000000076b600000)
  object space 111104K, 11% used [0x00000006c2200000,0x00000006c2e14660,0x00000006c8e80000)
 Metaspace       used 39310K, capacity 41064K, committed 41304K, reserved 1089536K
  class space    used 5145K, capacity 5496K, committed 5504K, reserved 1048576K

Card table byte_map: [0x0000000012a70000,0x0000000013260000] byte_map_base: 0x000000000f45f000

Marking Bits: (ParMarkBitMap*) 0x0000000064f62d00
 Begin Bits: [0x00000000141b0000, 0x0000000018128000)
 End Bits:   [0x0000000018128000, 0x000000001c0a0000)

Polling page: 0x00000000015e0000

CodeCache: size=245760Kb used=12232Kb max_used=12232Kb free=233527Kb
 bounds [0x00000000036b0000, 0x00000000042b0000, 0x00000000126b0000]
 total_blobs=3907 nmethods=3447 adapters=370
 compilation: enabled

Compilation events (10 events):
Event: 9.497 Thread 0x000000001ea0e800 3757       3       java.lang.invoke.BoundMethodHandle::tooComplex (27 bytes)
Event: 9.498 Thread 0x000000001ea0e800 nmethod 3757 0x00000000042a5410 code [0x00000000042a5580, 0x00000000042a58c8]
Event: 9.507 Thread 0x000000001ea0e800 3758       3       java.util.LinkedHashMap$LinkedEntrySet::iterator (12 bytes)
Event: 9.508 Thread 0x000000001ea0e800 nmethod 3758 0x00000000042a59d0 code [0x00000000042a5b40, 0x00000000042a5e70]
Event: 9.508 Thread 0x000000001ea0e800 3759       3       java.util.LinkedHashMap$LinkedEntryIterator::<init> (11 bytes)
Event: 9.508 Thread 0x000000001ea0e800 nmethod 3759 0x00000000042a6010 code [0x00000000042a6180, 0x00000000042a6410]
Event: 9.512 Thread 0x000000001ea0e800 3760       1       com.sun.org.apache.xerces.internal.util.Status::isExceptional (5 bytes)
Event: 9.512 Thread 0x000000001ea0e800 nmethod 3760 0x00000000042a6510 code [0x00000000042a6660, 0x00000000042a6770]
Event: 9.512 Thread 0x000000001ea0e800 3761       1       com.sun.org.apache.xerces.internal.utils.XMLSecurityManager$Limit::systemProperty (5 bytes)
Event: 9.512 Thread 0x000000001ea0e800 nmethod 3761 0x00000000042a67d0 code [0x00000000042a6920, 0x00000000042a6a30]

GC Heap History (10 events):
Event: 3.937 GC heap before
{Heap before GC invocations=5 (full 1):
 PSYoungGen      total 140800K, used 6236K [0x000000076b600000, 0x0000000774a00000, 0x00000007c0000000)
  eden space 130048K, 0% used [0x000000076b600000,0x000000076b600000,0x0000000773500000)
  from space 10752K, 58% used [0x0000000773f80000,0x0000000774597248,0x0000000774a00000)
  to   space 10752K, 0% used [0x0000000773500000,0x0000000773500000,0x0000000773f80000)
 ParOldGen       total 173568K, used 40K [0x00000006c2200000, 0x00000006ccb80000, 0x000000076b600000)
  object space 173568K, 0% used [0x00000006c2200000,0x00000006c220a000,0x00000006ccb80000)
 Metaspace       used 20476K, capacity 21236K, committed 21248K, reserved 1067008K
  class space    used 2598K, capacity 2808K, committed 2816K, reserved 1048576K
Event: 3.961 GC heap after
Heap after GC invocations=5 (full 1):
 PSYoungGen      total 140800K, used 0K [0x000000076b600000, 0x0000000774a00000, 0x00000007c0000000)
  eden space 130048K, 0% used [0x000000076b600000,0x000000076b600000,0x0000000773500000)
  from space 10752K, 0% used [0x0000000773f80000,0x0000000773f80000,0x0000000774a00000)
  to   space 10752K, 0% used [0x0000000773500000,0x0000000773500000,0x0000000773f80000)
 ParOldGen       total 81920K, used 6046K [0x00000006c2200000, 0x00000006c7200000, 0x000000076b600000)
  object space 81920K, 7% used [0x00000006c2200000,0x00000006c27e7988,0x00000006c7200000)
 Metaspace       used 20476K, capacity 21236K, committed 21248K, reserved 1067008K
  class space    used 2598K, capacity 2808K, committed 2816K, reserved 1048576K
}
Event: 7.583 GC heap before
{Heap before GC invocations=6 (full 1):
 PSYoungGen      total 140800K, used 130048K [0x000000076b600000, 0x0000000774a00000, 0x00000007c0000000)
  eden space 130048K, 100% used [0x000000076b600000,0x0000000773500000,0x0000000773500000)
  from space 10752K, 0% used [0x0000000773f80000,0x0000000773f80000,0x0000000774a00000)
  to   space 10752K, 0% used [0x0000000773500000,0x0000000773500000,0x0000000773f80000)
 ParOldGen       total 81920K, used 6046K [0x00000006c2200000, 0x00000006c7200000, 0x000000076b600000)
  object space 81920K, 7% used [0x00000006c2200000,0x00000006c27e7988,0x00000006c7200000)
 Metaspace       used 27424K, capacity 28614K, committed 28800K, reserved 1075200K
  class space    used 3451K, capacity 3693K, committed 3712K, reserved 1048576K
Event: 7.590 GC heap after
Heap after GC invocations=6 (full 1):
 PSYoungGen      total 140800K, used 9189K [0x000000076b600000, 0x000000077b100000, 0x00000007c0000000)
  eden space 130048K, 0% used [0x000000076b600000,0x000000076b600000,0x0000000773500000)
  from space 10752K, 85% used [0x0000000773500000,0x0000000773df94d8,0x0000000773f80000)
  to   space 11264K, 0% used [0x000000077a600000,0x000000077a600000,0x000000077b100000)
 ParOldGen       total 81920K, used 6118K [0x00000006c2200000, 0x00000006c7200000, 0x000000076b600000)
  object space 81920K, 7% used [0x00000006c2200000,0x00000006c27f9998,0x00000006c7200000)
 Metaspace       used 27424K, capacity 28614K, committed 28800K, reserved 1075200K
  class space    used 3451K, capacity 3693K, committed 3712K, reserved 1048576K
}
Event: 8.628 GC heap before
{Heap before GC invocations=7 (full 1):
 PSYoungGen      total 140800K, used 139237K [0x000000076b600000, 0x000000077b100000, 0x00000007c0000000)
  eden space 130048K, 100% used [0x000000076b600000,0x0000000773500000,0x0000000773500000)
  from space 10752K, 85% used [0x0000000773500000,0x0000000773df94d8,0x0000000773f80000)
  to   space 11264K, 0% used [0x000000077a600000,0x000000077a600000,0x000000077b100000)
 ParOldGen       total 81920K, used 6118K [0x00000006c2200000, 0x00000006c7200000, 0x000000076b600000)
  object space 81920K, 7% used [0x00000006c2200000,0x00000006c27f9998,0x00000006c7200000)
 Metaspace       used 32816K, capacity 34284K, committed 34560K, reserved 1079296K
  class space    used 4274K, capacity 4560K, committed 4608K, reserved 1048576K
Event: 8.637 GC heap after
Heap after GC invocations=7 (full 1):
 PSYoungGen      total 241664K, used 11263K [0x000000076b600000, 0x000000077b100000, 0x00000007c0000000)
  eden space 230400K, 0% used [0x000000076b600000,0x000000076b600000,0x0000000779700000)
  from space 11264K, 99% used [0x000000077a600000,0x000000077b0ffde8,0x000000077b100000)
  to   space 12800K, 0% used [0x0000000779800000,0x0000000779800000,0x000000077a480000)
 ParOldGen       total 81920K, used 6531K [0x00000006c2200000, 0x00000006c7200000, 0x000000076b600000)
  object space 81920K, 7% used [0x00000006c2200000,0x00000006c2860f18,0x00000006c7200000)
 Metaspace       used 32816K, capacity 34284K, committed 34560K, reserved 1079296K
  class space    used 4274K, capacity 4560K, committed 4608K, reserved 1048576K
}
Event: 8.797 GC heap before
{Heap before GC invocations=8 (full 1):
 PSYoungGen      total 241664K, used 37653K [0x000000076b600000, 0x000000077b100000, 0x00000007c0000000)
  eden space 230400K, 11% used [0x000000076b600000,0x000000076cfc5830,0x0000000779700000)
  from space 11264K, 99% used [0x000000077a600000,0x000000077b0ffde8,0x000000077b100000)
  to   space 12800K, 0% used [0x0000000779800000,0x0000000779800000,0x000000077a480000)
 ParOldGen       total 81920K, used 6531K [0x00000006c2200000, 0x00000006c7200000, 0x000000076b600000)
  object space 81920K, 7% used [0x00000006c2200000,0x00000006c2860f18,0x00000006c7200000)
 Metaspace       used 33953K, capacity 35368K, committed 35416K, reserved 1079296K
  class space    used 4442K, capacity 4724K, committed 4736K, reserved 1048576K
Event: 8.802 GC heap after
Heap after GC invocations=8 (full 1):
 PSYoungGen      total 243200K, used 7849K [0x000000076b600000, 0x000000077b100000, 0x00000007c0000000)
  eden space 230400K, 0% used [0x000000076b600000,0x000000076b600000,0x0000000779700000)
  from space 12800K, 61% used [0x0000000779800000,0x0000000779faa4b8,0x000000077a480000)
  to   space 11264K, 0% used [0x000000077a600000,0x000000077a600000,0x000000077b100000)
 ParOldGen       total 81920K, used 6539K [0x00000006c2200000, 0x00000006c7200000, 0x000000076b600000)
  object space 81920K, 7% used [0x00000006c2200000,0x00000006c2862f18,0x00000006c7200000)
 Metaspace       used 33953K, capacity 35368K, committed 35416K, reserved 1079296K
  class space    used 4442K, capacity 4724K, committed 4736K, reserved 1048576K
}
Event: 8.803 GC heap before
{Heap before GC invocations=9 (full 2):
 PSYoungGen      total 243200K, used 7849K [0x000000076b600000, 0x000000077b100000, 0x00000007c0000000)
  eden space 230400K, 0% used [0x000000076b600000,0x000000076b600000,0x0000000779700000)
  from space 12800K, 61% used [0x0000000779800000,0x0000000779faa4b8,0x000000077a480000)
  to   space 11264K, 0% used [0x000000077a600000,0x000000077a600000,0x000000077b100000)
 ParOldGen       total 81920K, used 6539K [0x00000006c2200000, 0x00000006c7200000, 0x000000076b600000)
  object space 81920K, 7% used [0x00000006c2200000,0x00000006c2862f18,0x00000006c7200000)
 Metaspace       used 33953K, capacity 35368K, committed 35416K, reserved 1079296K
  class space    used 4442K, capacity 4724K, committed 4736K, reserved 1048576K
Event: 8.867 GC heap after
Heap after GC invocations=9 (full 2):
 PSYoungGen      total 243200K, used 0K [0x000000076b600000, 0x000000077b100000, 0x00000007c0000000)
  eden space 230400K, 0% used [0x000000076b600000,0x000000076b600000,0x0000000779700000)
  from space 12800K, 0% used [0x0000000779800000,0x0000000779800000,0x000000077a480000)
  to   space 11264K, 0% used [0x000000077a600000,0x000000077a600000,0x000000077b100000)
 ParOldGen       total 111104K, used 12369K [0x00000006c2200000, 0x00000006c8e80000, 0x000000076b600000)
  object space 111104K, 11% used [0x00000006c2200000,0x00000006c2e14660,0x00000006c8e80000)
 Metaspace       used 33953K, capacity 35368K, committed 35416K, reserved 1079296K
  class space    used 4442K, capacity 4724K, committed 4736K, reserved 1048576K
}

Deoptimization events (10 events):
Event: 9.266 Thread 0x0000000003444800 Uncommon trap: reason=unstable_if action=reinterpret pc=0x0000000003892bb4 method=java.util.concurrent.ConcurrentHashMap.get(Ljava/lang/Object;)Ljava/lang/Object; @ 152
Event: 9.298 Thread 0x0000000003444800 Uncommon trap: reason=unstable_if action=reinterpret pc=0x0000000004219448 method=org.springframework.beans.factory.support.AbstractBeanFactory.isTypeMatch(Ljava/lang/String;Lorg/springframework/core/ResolvableType;Z)Z @ 581
Event: 9.457 Thread 0x0000000021b49800 Uncommon trap: reason=unstable_if action=reinterpret pc=0x00000000038b662c method=java.util.zip.ZipCoder.getBytes(Ljava/lang/String;)[B @ 32
Event: 9.458 Thread 0x0000000021b49800 Uncommon trap: reason=unstable_if action=reinterpret pc=0x00000000038ae458 method=java.util.zip.ZipCoder.getBytes(Ljava/lang/String;)[B @ 32
Event: 9.458 Thread 0x0000000021b49800 Uncommon trap: reason=unstable_if action=reinterpret pc=0x0000000003f68fa8 method=java.net.URL.<init>(Ljava/net/URL;Ljava/lang/String;Ljava/net/URLStreamHandler;)V @ 57
Event: 9.458 Thread 0x0000000021b49800 Uncommon trap: reason=unstable_if action=reinterpret pc=0x000000000405f9d4 method=java.net.URLStreamHandler.parseURL(Ljava/net/URL;Ljava/lang/String;II)V @ 57
Event: 9.458 Thread 0x0000000021b49800 Uncommon trap: reason=unstable_if action=reinterpret pc=0x0000000003f4c34c method=java.io.WinNTFileSystem.resolve(Ljava/lang/String;Ljava/lang/String;)Ljava/lang/String; @ 19
Event: 9.460 Thread 0x0000000003444800 Uncommon trap: reason=unstable_if action=reinterpret pc=0x00000000038f5ad8 method=java.lang.AbstractStringBuilder.append(Ljava/lang/String;)Ljava/lang/AbstractStringBuilder; @ 1
Event: 9.478 Thread 0x0000000003444800 Uncommon trap: reason=unstable_if action=reinterpret pc=0x000000000403d0b8 method=org.springframework.beans.factory.support.DefaultSingletonBeanRegistry.getSingleton(Ljava/lang/String;Z)Ljava/lang/Object; @ 39
Event: 9.507 Thread 0x0000000003444800 Uncommon trap: reason=unstable_if action=reinterpret pc=0x00000000038ca510 method=java.lang.AbstractStringBuilder.append(Ljava/lang/String;)Ljava/lang/AbstractStringBuilder; @ 1

Classes redefined (0 events):
No events

Internal exceptions (10 events):
Event: 9.465 Thread 0x0000000003444800 Exception <a 'java/lang/ClassNotFoundException': javax/sql/DataSourceCustomizer> (0x000000076ffbf4e0) thrown at [C:\re\workspace\8-2-build-windows-amd64-cygwin\jdk8u181\11358\hotspot\src\share\vm\classfile\systemDictionary.cpp, line 210]
Event: 9.466 Thread 0x0000000003444800 Exception <a 'java/lang/ClassNotFoundException': javax/sql/CommonDataSourceCustomizer> (0x000000076ffd2c88) thrown at [C:\re\workspace\8-2-build-windows-amd64-cygwin\jdk8u181\11358\hotspot\src\share\vm\classfile\systemDictionary.cpp, line 210]
Event: 9.466 Thread 0x0000000003444800 Exception <a 'java/lang/ClassNotFoundException': java/sql/WrapperCustomizer> (0x000000076ffe7438) thrown at [C:\re\workspace\8-2-build-windows-amd64-cygwin\jdk8u181\11358\hotspot\src\share\vm\classfile\systemDictionary.cpp, line 210]
Event: 9.467 Thread 0x0000000003444800 Exception <a 'java/lang/ClassNotFoundException': com/zaxxer/hikari/HikariConfigMXBeanCustomizer> (0x0000000770011788) thrown at [C:\re\workspace\8-2-build-windows-amd64-cygwin\jdk8u181\11358\hotspot\src\share\vm\classfile\systemDictionary.cpp, line 210]
Event: 9.475 Thread 0x0000000003444800 Exception <a 'java/lang/ClassNotFoundException': java/lang/ObjectCustomizer> (0x000000077090ec28) thrown at [C:\re\workspace\8-2-build-windows-amd64-cygwin\jdk8u181\11358\hotspot\src\share\vm\classfile\systemDictionary.cpp, line 210]
Event: 9.476 Thread 0x0000000003444800 Exception <a 'java/lang/ClassNotFoundException': org/springframework/boot/autoconfigure/jdbc/DataSourceInitializerInvokerCustomizer> (0x000000077094d0a0) thrown at [C:\re\workspace\8-2-build-windows-amd64-cygwin\jdk8u181\11358\hotspot\src\share\vm\classfi
Event: 9.477 Thread 0x0000000003444800 Exception <a 'java/lang/ClassNotFoundException': org/springframework/context/ApplicationListenerCustomizer> (0x00000007709816f8) thrown at [C:\re\workspace\8-2-build-windows-amd64-cygwin\jdk8u181\11358\hotspot\src\share\vm\classfile\systemDictionary.cpp, 
Event: 9.477 Thread 0x0000000003444800 Exception <a 'java/lang/ClassNotFoundException': java/util/EventListenerCustomizer> (0x0000000770992ee8) thrown at [C:\re\workspace\8-2-build-windows-amd64-cygwin\jdk8u181\11358\hotspot\src\share\vm\classfile\systemDictionary.cpp, line 210]
Event: 9.478 Thread 0x0000000003444800 Exception <a 'java/lang/ClassNotFoundException': org/springframework/beans/factory/InitializingBeanCustomizer> (0x00000007709c2848) thrown at [C:\re\workspace\8-2-build-windows-amd64-cygwin\jdk8u181\11358\hotspot\src\share\vm\classfile\systemDictionary.cp
Event: 9.507 Thread 0x0000000003444800 Implicit null exception at 0x00000000038ca156 to 0x00000000038ca4f9

Events (10 events):
Event: 9.514 loading class com/sun/org/apache/xerces/internal/dom/DeferredDocumentImpl
Event: 9.514 loading class com/sun/org/apache/xerces/internal/dom/DeferredNode
Event: 9.514 loading class com/sun/org/apache/xerces/internal/dom/DeferredNode done
Event: 9.515 loading class com/sun/org/apache/xerces/internal/dom/DocumentImpl
Event: 9.515 loading class org/w3c/dom/traversal/DocumentTraversal
Event: 9.515 loading class org/w3c/dom/traversal/DocumentTraversal done
Event: 9.515 loading class org/w3c/dom/events/DocumentEvent
Event: 9.515 loading class org/w3c/dom/events/DocumentEvent done
Event: 9.515 loading class org/w3c/dom/ranges/DocumentRange
Event: 9.515 loading class org/w3c/dom/ranges/DocumentRange done


Dynamic libraries:
0x00007ff7954c0000 - 0x00007ff7954f7000 	C:\Program Files\Java\jdk1.8.0_181\bin\java.exe
0x00007ffd77c30000 - 0x00007ffd77e28000 	C:\WINDOWS\SYSTEM32\ntdll.dll
0x00007ffd77880000 - 0x00007ffd7793f000 	C:\WINDOWS\System32\KERNEL32.DLL
0x00007ffd75560000 - 0x00007ffd75832000 	C:\WINDOWS\System32\KERNELBASE.dll
0x00007ffd76c90000 - 0x00007ffd76d3e000 	C:\WINDOWS\System32\ADVAPI32.dll
0x00007ffd77af0000 - 0x00007ffd77b8e000 	C:\WINDOWS\System32\msvcrt.dll
0x00007ffd777e0000 - 0x00007ffd7787c000 	C:\WINDOWS\System32\sechost.dll
0x00007ffd75c80000 - 0x00007ffd75da4000 	C:\WINDOWS\System32\RPCRT4.dll
0x00007ffd77090000 - 0x00007ffd77231000 	C:\WINDOWS\System32\USER32.dll
0x00007ffd75950000 - 0x00007ffd75972000 	C:\WINDOWS\System32\win32u.dll
0x00007ffd75db0000 - 0x00007ffd75ddb000 	C:\WINDOWS\System32\GDI32.dll
0x00007ffd75840000 - 0x00007ffd7594f000 	C:\WINDOWS\System32\gdi32full.dll
0x00007ffd754c0000 - 0x00007ffd7555d000 	C:\WINDOWS\System32\msvcp_win.dll
0x00007ffd75b80000 - 0x00007ffd75c80000 	C:\WINDOWS\System32\ucrtbase.dll
0x00007ffd5f6b0000 - 0x00007ffd5f94a000 	C:\WINDOWS\WinSxS\amd64_microsoft.windows.common-controls_6595b64144ccf1df_6.0.19041.1110_none_60b5254171f9507e\COMCTL32.dll
0x00007ffd77940000 - 0x00007ffd77970000 	C:\WINDOWS\System32\IMM32.DLL
0x0000000064ff0000 - 0x00000000650c2000 	C:\Program Files\Java\jdk1.8.0_181\jre\bin\msvcr100.dll
0x0000000064740000 - 0x0000000064fe2000 	C:\Program Files\Java\jdk1.8.0_181\jre\bin\server\jvm.dll
0x00007ffd77240000 - 0x00007ffd77248000 	C:\WINDOWS\System32\PSAPI.DLL
0x00007ffd70290000 - 0x00007ffd7029a000 	C:\WINDOWS\SYSTEM32\VERSION.dll
0x00007ffd5d7a0000 - 0x00007ffd5d7a9000 	C:\WINDOWS\SYSTEM32\WSOCK32.dll
0x00007ffd611b0000 - 0x00007ffd611d7000 	C:\WINDOWS\SYSTEM32\WINMM.dll
0x00007ffd76da0000 - 0x00007ffd76e0b000 	C:\WINDOWS\System32\WS2_32.dll
0x0000000065ca0000 - 0x0000000065caf000 	C:\Program Files\Java\jdk1.8.0_181\jre\bin\verify.dll
0x0000000065c70000 - 0x0000000065c99000 	C:\Program Files\Java\jdk1.8.0_181\jre\bin\java.dll
0x0000000064710000 - 0x0000000064733000 	C:\Program Files\Java\jdk1.8.0_181\jre\bin\instrument.dll
0x0000000065c50000 - 0x0000000065c66000 	C:\Program Files\Java\jdk1.8.0_181\jre\bin\zip.dll
0x00007ffd75f10000 - 0x00007ffd76655000 	C:\WINDOWS\System32\SHELL32.dll
0x00007ffd733f0000 - 0x00007ffd73b82000 	C:\WINDOWS\SYSTEM32\windows.storage.dll
0x00007ffd76660000 - 0x00007ffd769b5000 	C:\WINDOWS\System32\combase.dll
0x00007ffd74d90000 - 0x00007ffd74dc0000 	C:\WINDOWS\SYSTEM32\Wldp.dll
0x00007ffd76bd0000 - 0x00007ffd76c7d000 	C:\WINDOWS\System32\SHCORE.dll
0x00007ffd76d40000 - 0x00007ffd76d95000 	C:\WINDOWS\System32\shlwapi.dll
0x00007ffd75270000 - 0x00007ffd7528f000 	C:\WINDOWS\SYSTEM32\profapi.dll
0x00007ffd62f80000 - 0x00007ffd62f9a000 	D:\idea\IntelliJ IDEA 2021.2.3\bin\breakgen64.dll
0x0000000065c30000 - 0x0000000065c4a000 	C:\Program Files\Java\jdk1.8.0_181\jre\bin\net.dll
0x00007ffd74aa0000 - 0x00007ffd74b0a000 	C:\WINDOWS\system32\mswsock.dll
0x00007ffd74770000 - 0x00007ffd747ab000 	C:\WINDOWS\SYSTEM32\IPHLPAPI.DLL
0x00007ffd77250000 - 0x00007ffd77258000 	C:\WINDOWS\System32\NSI.dll
0x00007ffd6e0b0000 - 0x00007ffd6e0c7000 	C:\WINDOWS\SYSTEM32\dhcpcsvc6.DLL
0x00007ffd6e090000 - 0x00007ffd6e0ad000 	C:\WINDOWS\SYSTEM32\dhcpcsvc.DLL
0x00007ffd747b0000 - 0x00007ffd7487b000 	C:\WINDOWS\SYSTEM32\DNSAPI.dll
0x0000000065c00000 - 0x0000000065c0d000 	C:\Program Files\Java\jdk1.8.0_181\jre\bin\management.dll
0x00007ffd50be0000 - 0x00007ffd50bf7000 	C:\WINDOWS\system32\napinsp.dll
0x00007ffd510b0000 - 0x00007ffd510cb000 	C:\WINDOWS\system32\pnrpnsp.dll
0x00007ffd51090000 - 0x00007ffd510a5000 	C:\WINDOWS\system32\wshbth.dll
0x00007ffd70d30000 - 0x00007ffd70d4d000 	C:\WINDOWS\system32\NLAapi.dll
0x00007ffd50b80000 - 0x00007ffd50b92000 	C:\WINDOWS\System32\winrnr.dll
0x00007ffd6a6c0000 - 0x00007ffd6a6ca000 	C:\Windows\System32\rasadhlp.dll
0x00007ffd6c6c0000 - 0x00007ffd6c740000 	C:\WINDOWS\System32\fwpuclnt.dll
0x00007ffd759f0000 - 0x00007ffd75a17000 	C:\WINDOWS\System32\bcrypt.dll
0x00007ffd74cf0000 - 0x00007ffd74d08000 	C:\WINDOWS\SYSTEM32\CRYPTSP.dll
0x00007ffd74330000 - 0x00007ffd74364000 	C:\WINDOWS\system32\rsaenh.dll
0x00007ffd75230000 - 0x00007ffd7525e000 	C:\WINDOWS\SYSTEM32\USERENV.dll
0x00007ffd75380000 - 0x00007ffd75402000 	C:\WINDOWS\System32\bcryptprimitives.dll
0x00007ffd74ce0000 - 0x00007ffd74cec000 	C:\WINDOWS\SYSTEM32\CRYPTBASE.dll
0x0000000065c10000 - 0x0000000065c21000 	C:\Program Files\Java\jdk1.8.0_181\jre\bin\nio.dll

VM Arguments:
jvm_args: -ea -Didea.test.cyclic.buffer.size=1048576 -javaagent:D:\idea\IntelliJ IDEA 2021.2.3\lib\idea_rt.jar=64187:D:\idea\IntelliJ IDEA 2021.2.3\bin -Dfile.encoding=UTF-8 
java_command: com.intellij.rt.junit.JUnitStarter -ideVersion5 -junit4 com.cjx.Test,sdsa
java_class_path (initial): D:\idea\IntelliJ IDEA 2021.2.3\lib\idea_rt.jar;D:\idea\IntelliJ IDEA 2021.2.3\plugins\junit\lib\junit5-rt.jar;D:\idea\IntelliJ IDEA 2021.2.3\plugins\junit\lib\junit-rt.jar;C:\Program Files\Java\jdk1.8.0_181\jre\lib\charsets.jar;C:\Program Files\Java\jdk1.8.0_181\jre\lib\deploy.jar;C:\Program Files\Java\jdk1.8.0_181\jre\lib\ext\access-bridge-64.jar;C:\Program Files\Java\jdk1.8.0_181\jre\lib\ext\cldrdata.jar;C:\Program Files\Java\jdk1.8.0_181\jre\lib\ext\dnsns.jar;C:\Program Files\Java\jdk1.8.0_181\jre\lib\ext\jaccess.jar;C:\Program Files\Java\jdk1.8.0_181\jre\lib\ext\jfxrt.jar;C:\Program Files\Java\jdk1.8.0_181\jre\lib\ext\localedata.jar;C:\Program Files\Java\jdk1.8.0_181\jre\lib\ext\nashorn.jar;C:\Program Files\Java\jdk1.8.0_181\jre\lib\ext\sunec.jar;C:\Program Files\Java\jdk1.8.0_181\jre\lib\ext\sunjce_provider.jar;C:\Program Files\Java\jdk1.8.0_181\jre\lib\ext\sunmscapi.jar;C:\Program Files\Java\jdk1.8.0_181\jre\lib\ext\sunpkcs11.jar;C:\Program Files\Java\jdk1.8.0_181\jre\lib\ext\zipfs.jar;C:\Program Files\Java\jdk1.8.0_181\jre\lib\javaws.jar;C:\Program Files\Java\jdk1.8.0_181\jre\lib\jce.jar;C:\Program Files\Java\jdk1.8.0_181\jre\lib\jfr.jar;C:\Program Files\Java\jdk1.8.0_181\jre\lib\jfxswt.jar;C:\Program Files\Java\jdk1.8.0_181\jre\lib\jsse.jar;C:\Program Files\Java\jdk1.8.0_181\jre\lib\management-agent.jar;C:\Program Files\Java\jdk1.8.0_181\jre\lib\plugin.jar;C:\Program Files\Java\jdk1.8.0_181\jre\lib\resources.jar;C:\Program Files\Java\jdk1.8.0_181\jre\lib\rt.jar;E:\BProjectFiles\yingxueDemo1\categoryMoudle\target\test-classes;E:\BProjectFiles\yingxueDemo1\categoryMoudle\target\classes;E:\BProjectFiles\yingxueDemo1\commons\target\classes;D:\maven\maven_repository\org\springframework\boot\spring-boot-starter-web\2.3.5.RELEASE\spring-boot-starter-web-2.3.5.RELEASE.jar;D:\maven\maven_repository\org\springframework\boot\spring-boot-starter-json\2.3.5.RELEASE\spring-boot-starter-json-2.3.5.RELEASE.jar;D:\maven\maven_repository\com\faste
Launcher Type: SUN_STANDARD

Environment Variables:
JAVA_HOME=C:\Program Files\Java\jdk1.8.0_181
USERNAME=chenxin
OS=Windows_NT
PROCESSOR_IDENTIFIER=Intel64 Family 6 Model 158 Stepping 10, GenuineIntel



---------------  S Y S T E M  ---------------

OS: Windows 10.0 , 64 bit Build 19041 (10.0.19041.2546)

CPU:total 12 (initial active 12) (6 cores per cpu, 2 threads per core) family 6 model 158 stepping 10, cmov, cx8, fxsr, mmx, sse, sse2, sse3, ssse3, sse4.1, sse4.2, popcnt, avx, avx2, aes, clmul, erms, 3dnowpref, lzcnt, ht, tsc, tscinvbit, bmi1, bmi2, adx

Memory: 4k page, physical 16631236k(4417812k free), swap 20526532k(7152k free)

vm_info: Java HotSpot(TM) 64-Bit Server VM (25.181-b13) for windows-amd64 JRE (1.8.0_181-b13), built on Jul  7 2018 04:01:33 by "java_re" with MS VC++ 10.0 (VS2010)

time: Sun Mar 19 16:52:55 2023
elapsed time: 9 seconds (0d 0h 0m 9s)

