#
# There is insufficient memory for the Java Runtime Environment to continue.
# Native memory allocation (malloc) failed to allocate 1792128 bytes for Chunk::new
# Possible reasons:
#   The system is out of physical RAM or swap space
#   In 32 bit mode, the process size limit was hit
# Possible solutions:
#   Reduce memory load on the system
#   Increase physical memory or swap space
#   Check if swap backing store is full
#   Use 64 bit Java on a 64 bit OS
#   Decrease Java heap size (-Xmx/-Xms)
#   Decrease number of Java threads
#   Decrease Java thread stack sizes (-Xss)
#   Set larger code cache with -XX:ReservedCodeCacheSize=
# This output file may be truncated or incomplete.
#
#  Out of Memory Error (allocation.cpp:390), pid=16716, tid=0x00000000000058a8
#
# JRE version: Java(TM) SE Runtime Environment (8.0_181-b13) (build 1.8.0_181-b13)
# Java VM: Java HotSpot(TM) 64-Bit Server VM (25.181-b13 mixed mode windows-amd64 compressed oops)
# Failed to write core dump. Minidumps are not enabled by default on client versions of Windows
#

---------------  T H R E A D  ---------------

Current thread (0x000000001e36c800):  JavaThread "C2 CompilerThread0" daemon [_thread_in_native, id=22696, stack(0x000000001f980000,0x000000001fa80000)]

Stack: [0x000000001f980000,0x000000001fa80000]
[error occurred during error reporting (printing stack bounds), id 0xc0000005]

Native frames: (J=compiled Java code, j=interpreted, Vv=VM code, C=native code)


Current CompileTask:
C2:  14722 4625       4       org.springframework.boot.context.properties.source.SpringIterableConfigurationPropertySource::containsDescendantOf (102 bytes)


---------------  P R O C E S S  ---------------

Java Threads: ( => current thread )
  0x000000002449a800 JavaThread "com.alibaba.nacos.naming.push.receiver" daemon [_thread_in_native, id=17664, stack(0x00000000285f0000,0x00000000286f0000)]
  0x0000000024496800 JavaThread "com.alibaba.nacos.naming.failover" daemon [_thread_blocked, id=23332, stack(0x00000000284f0000,0x00000000285f0000)]
  0x0000000024499000 JavaThread "com.alibaba.nacos.client.naming.updater" daemon [_thread_blocked, id=11640, stack(0x00000000283f0000,0x00000000284f0000)]
  0x0000000022b0a800 JavaThread "com.alibaba.nacos.client.naming.updater" daemon [_thread_blocked, id=1796, stack(0x00000000282f0000,0x00000000283f0000)]
  0x0000000022b07800 JavaThread "com.alibaba.nacos.naming.client.listener" daemon [_thread_blocked, id=14504, stack(0x0000000025580000,0x0000000025680000)]
  0x0000000022b07000 JavaThread "spring.cloud.inetutils" daemon [_thread_in_native, id=11496, stack(0x0000000021c00000,0x0000000021d00000)]
  0x0000000022b0a000 JavaThread "Abandoned connection cleanup thread" daemon [_thread_blocked, id=22704, stack(0x00000000251e0000,0x00000000252e0000)]
  0x0000000022b08800 JavaThread "Keep-Alive-Timer" daemon [_thread_blocked, id=4624, stack(0x0000000023f10000,0x0000000024010000)]
  0x0000000022b0d000 JavaThread "com.alibaba.nacos.client.Worker.fixed-192.168.175.161_8848" daemon [_thread_blocked, id=24124, stack(0x0000000023a10000,0x0000000023b10000)]
  0x0000000022b0c000 JavaThread "com.alibaba.nacos.client.config.security.updater" daemon [_thread_blocked, id=16300, stack(0x0000000023910000,0x0000000023a10000)]
  0x0000000022b0b800 JavaThread "Timer-0" daemon [_thread_blocked, id=3236, stack(0x0000000023810000,0x0000000023910000)]
  0x000000001e40f000 JavaThread "Service Thread" daemon [_thread_blocked, id=24908, stack(0x000000001fd80000,0x000000001fe80000)]
  0x000000001e373800 JavaThread "C1 CompilerThread3" daemon [_thread_blocked, id=21912, stack(0x000000001fc80000,0x000000001fd80000)]
  0x000000001e370800 JavaThread "C2 CompilerThread2" daemon [_thread_in_native, id=17392, stack(0x000000001fb80000,0x000000001fc80000)]
  0x000000001e36f800 JavaThread "C2 CompilerThread1" daemon [_thread_in_native, id=22712, stack(0x000000001fa80000,0x000000001fb80000)]
=>0x000000001e36c800 JavaThread "C2 CompilerThread0" daemon [_thread_in_native, id=22696, stack(0x000000001f980000,0x000000001fa80000)]
  0x000000001e369000 JavaThread "Monitor Ctrl-Break" daemon [_thread_in_native, id=18776, stack(0x000000001f880000,0x000000001f980000)]
  0x000000001e341000 JavaThread "Attach Listener" daemon [_thread_blocked, id=17248, stack(0x000000001f780000,0x000000001f880000)]
  0x000000001e340800 JavaThread "Signal Dispatcher" daemon [_thread_blocked, id=23940, stack(0x000000001f680000,0x000000001f780000)]
  0x000000001e2c3800 JavaThread "Finalizer" daemon [_thread_blocked, id=16724, stack(0x000000001f520000,0x000000001f620000)]
  0x000000001cbf3800 JavaThread "Reference Handler" daemon [_thread_blocked, id=25084, stack(0x000000001f420000,0x000000001f520000)]
  0x0000000002d74800 JavaThread "main" [_thread_in_native, id=22172, stack(0x0000000002bd0000,0x0000000002cd0000)]

Other Threads:
  0x000000001e2a2800 VMThread [stack: 0x000000001f320000,0x000000001f420000] [id=17708]
  0x000000001e44b000 WatcherThread [stack: 0x000000001fe80000,0x000000001ff80000] [id=7648]

VM state:not at safepoint (normal execution)

VM Mutex/Monitor currently owned by a thread: None

Heap:
 PSYoungGen      total 243200K, used 183222K [0x000000076b600000, 0x000000077b180000, 0x00000007c0000000)
  eden space 231936K, 74% used [0x000000076b600000,0x0000000775df01a0,0x0000000779880000)
  from space 11264K, 99% used [0x000000077a680000,0x000000077b17d830,0x000000077b180000)
  to   space 12800K, 0% used [0x0000000779880000,0x0000000779880000,0x000000077a500000)
 ParOldGen       total 111616K, used 15797K [0x00000006c2200000, 0x00000006c8f00000, 0x000000076b600000)
  object space 111616K, 14% used [0x00000006c2200000,0x00000006c316d738,0x00000006c8f00000)
 Metaspace       used 47425K, capacity 50062K, committed 50264K, reserved 1093632K
  class space    used 6245K, capacity 6729K, committed 6784K, reserved 1048576K

Card table byte_map: [0x00000000123e0000,0x0000000012bd0000] byte_map_base: 0x000000000edcf000

Marking Bits: (ParMarkBitMap*) 0x0000000052cc2d00
 Begin Bits: [0x0000000013b20000, 0x0000000017a98000)
 End Bits:   [0x0000000017a98000, 0x000000001ba10000)

Polling page: 0x0000000002cd0000

CodeCache: size=245760Kb used=17042Kb max_used=17080Kb free=228717Kb
 bounds [0x0000000003020000, 0x00000000040e0000, 0x0000000012020000]
 total_blobs=4820 nmethods=4325 adapters=407
 compilation: enabled

Compilation events (10 events):
Event: 14.533 Thread 0x000000001e373800 4786       1       java.lang.reflect.Parameter::getRealName (5 bytes)
Event: 14.533 Thread 0x000000001e373800 nmethod 4786 0x00000000040bde90 code [0x00000000040bdfe0, 0x00000000040be0f0]
Event: 14.533 Thread 0x000000001e373800 4787       1       java.lang.reflect.Parameter::getModifiers (5 bytes)
Event: 14.533 Thread 0x000000001e373800 nmethod 4787 0x00000000040be150 code [0x00000000040be2a0, 0x00000000040be3b0]
Event: 14.536 Thread 0x000000001e373800 4788       3       java.util.BitSet::set (58 bytes)
Event: 14.536 Thread 0x000000001e373800 nmethod 4788 0x00000000040be410 code [0x00000000040be620, 0x00000000040bf058]
Event: 14.542 Thread 0x000000001e373800 4789   !   3       com.sun.proxy.$Proxy29::annotationType (29 bytes)
Event: 14.543 Thread 0x000000001e373800 nmethod 4789 0x00000000040bf550 code [0x00000000040bf6e0, 0x00000000040bfb18]
Event: 14.559 Thread 0x000000001e36f800 nmethod 4602 0x00000000040c9390 code [0x00000000040c9a80, 0x00000000040d0290]
Event: 14.560 Thread 0x000000001e36f800 4624       4       org.springframework.boot.context.properties.source.SpringIterableConfigurationPropertySource$Mappings::updateMappings (261 bytes)

GC Heap History (10 events):
Event: 7.378 GC heap before
{Heap before GC invocations=6 (full 1):
 PSYoungGen      total 140800K, used 130048K [0x000000076b600000, 0x0000000774a00000, 0x00000007c0000000)
  eden space 130048K, 100% used [0x000000076b600000,0x0000000773500000,0x0000000773500000)
  from space 10752K, 0% used [0x0000000773f80000,0x0000000773f80000,0x0000000774a00000)
  to   space 10752K, 0% used [0x0000000773500000,0x0000000773500000,0x0000000773f80000)
 ParOldGen       total 81920K, used 6135K [0x00000006c2200000, 0x00000006c7200000, 0x000000076b600000)
  object space 81920K, 7% used [0x00000006c2200000,0x00000006c27fdf18,0x00000006c7200000)
 Metaspace       used 27377K, capacity 28540K, committed 28800K, reserved 1075200K
  class space    used 3447K, capacity 3692K, committed 3712K, reserved 1048576K
Event: 7.385 GC heap after
Heap after GC invocations=6 (full 1):
 PSYoungGen      total 140800K, used 9185K [0x000000076b600000, 0x000000077b180000, 0x00000007c0000000)
  eden space 130048K, 0% used [0x000000076b600000,0x000000076b600000,0x0000000773500000)
  from space 10752K, 85% used [0x0000000773500000,0x0000000773df8688,0x0000000773f80000)
  to   space 11264K, 0% used [0x000000077a680000,0x000000077a680000,0x000000077b180000)
 ParOldGen       total 81920K, used 6207K [0x00000006c2200000, 0x00000006c7200000, 0x000000076b600000)
  object space 81920K, 7% used [0x00000006c2200000,0x00000006c280ff28,0x00000006c7200000)
 Metaspace       used 27377K, capacity 28540K, committed 28800K, reserved 1075200K
  class space    used 3447K, capacity 3692K, committed 3712K, reserved 1048576K
}
Event: 8.263 GC heap before
{Heap before GC invocations=7 (full 1):
 PSYoungGen      total 140800K, used 139233K [0x000000076b600000, 0x000000077b180000, 0x00000007c0000000)
  eden space 130048K, 100% used [0x000000076b600000,0x0000000773500000,0x0000000773500000)
  from space 10752K, 85% used [0x0000000773500000,0x0000000773df8688,0x0000000773f80000)
  to   space 11264K, 0% used [0x000000077a680000,0x000000077a680000,0x000000077b180000)
 ParOldGen       total 81920K, used 6207K [0x00000006c2200000, 0x00000006c7200000, 0x000000076b600000)
  object space 81920K, 7% used [0x00000006c2200000,0x00000006c280ff28,0x00000006c7200000)
 Metaspace       used 32742K, capacity 34118K, committed 34304K, reserved 1079296K
  class space    used 4264K, capacity 4527K, committed 4608K, reserved 1048576K
Event: 8.272 GC heap after
Heap after GC invocations=7 (full 1):
 PSYoungGen      total 243200K, used 11247K [0x000000076b600000, 0x000000077b180000, 0x00000007c0000000)
  eden space 231936K, 0% used [0x000000076b600000,0x000000076b600000,0x0000000779880000)
  from space 11264K, 99% used [0x000000077a680000,0x000000077b17bc80,0x000000077b180000)
  to   space 12800K, 0% used [0x0000000779880000,0x0000000779880000,0x000000077a500000)
 ParOldGen       total 81920K, used 6516K [0x00000006c2200000, 0x00000006c7200000, 0x000000076b600000)
  object space 81920K, 7% used [0x00000006c2200000,0x00000006c285d3b0,0x00000006c7200000)
 Metaspace       used 32742K, capacity 34118K, committed 34304K, reserved 1079296K
  class space    used 4264K, capacity 4527K, committed 4608K, reserved 1048576K
}
Event: 8.458 GC heap before
{Heap before GC invocations=8 (full 1):
 PSYoungGen      total 243200K, used 50407K [0x000000076b600000, 0x000000077b180000, 0x00000007c0000000)
  eden space 231936K, 16% used [0x000000076b600000,0x000000076dc3e038,0x0000000779880000)
  from space 11264K, 99% used [0x000000077a680000,0x000000077b17bc80,0x000000077b180000)
  to   space 12800K, 0% used [0x0000000779880000,0x0000000779880000,0x000000077a500000)
 ParOldGen       total 81920K, used 6516K [0x00000006c2200000, 0x00000006c7200000, 0x000000076b600000)
  object space 81920K, 7% used [0x00000006c2200000,0x00000006c285d3b0,0x00000006c7200000)
 Metaspace       used 33938K, capacity 35384K, committed 35416K, reserved 1079296K
  class space    used 4433K, capacity 4728K, committed 4736K, reserved 1048576K
Event: 8.464 GC heap after
Heap after GC invocations=8 (full 1):
 PSYoungGen      total 244736K, used 8048K [0x000000076b600000, 0x000000077b180000, 0x00000007c0000000)
  eden space 231936K, 0% used [0x000000076b600000,0x000000076b600000,0x0000000779880000)
  from space 12800K, 62% used [0x0000000779880000,0x000000077a05c328,0x000000077a500000)
  to   space 11264K, 0% used [0x000000077a680000,0x000000077a680000,0x000000077b180000)
 ParOldGen       total 81920K, used 6524K [0x00000006c2200000, 0x00000006c7200000, 0x000000076b600000)
  object space 81920K, 7% used [0x00000006c2200000,0x00000006c285f3b0,0x00000006c7200000)
 Metaspace       used 33938K, capacity 35384K, committed 35416K, reserved 1079296K
  class space    used 4433K, capacity 4728K, committed 4736K, reserved 1048576K
}
Event: 8.464 GC heap before
{Heap before GC invocations=9 (full 2):
 PSYoungGen      total 244736K, used 8048K [0x000000076b600000, 0x000000077b180000, 0x00000007c0000000)
  eden space 231936K, 0% used [0x000000076b600000,0x000000076b600000,0x0000000779880000)
  from space 12800K, 62% used [0x0000000779880000,0x000000077a05c328,0x000000077a500000)
  to   space 11264K, 0% used [0x000000077a680000,0x000000077a680000,0x000000077b180000)
 ParOldGen       total 81920K, used 6524K [0x00000006c2200000, 0x00000006c7200000, 0x000000076b600000)
  object space 81920K, 7% used [0x00000006c2200000,0x00000006c285f3b0,0x00000006c7200000)
 Metaspace       used 33938K, capacity 35384K, committed 35416K, reserved 1079296K
  class space    used 4433K, capacity 4728K, committed 4736K, reserved 1048576K
Event: 8.534 GC heap after
Heap after GC invocations=9 (full 2):
 PSYoungGen      total 244736K, used 0K [0x000000076b600000, 0x000000077b180000, 0x00000007c0000000)
  eden space 231936K, 0% used [0x000000076b600000,0x000000076b600000,0x0000000779880000)
  from space 12800K, 0% used [0x0000000779880000,0x0000000779880000,0x000000077a500000)
  to   space 11264K, 0% used [0x000000077a680000,0x000000077a680000,0x000000077b180000)
 ParOldGen       total 111616K, used 12535K [0x00000006c2200000, 0x00000006c8f00000, 0x000000076b600000)
  object space 111616K, 11% used [0x00000006c2200000,0x00000006c2e3dfb0,0x00000006c8f00000)
 Metaspace       used 33938K, capacity 35384K, committed 35416K, reserved 1079296K
  class space    used 4433K, capacity 4728K, committed 4736K, reserved 1048576K
}
Event: 11.553 GC heap before
{Heap before GC invocations=10 (full 2):
 PSYoungGen      total 244736K, used 231936K [0x000000076b600000, 0x000000077b180000, 0x00000007c0000000)
  eden space 231936K, 100% used [0x000000076b600000,0x0000000779880000,0x0000000779880000)
  from space 12800K, 0% used [0x0000000779880000,0x0000000779880000,0x000000077a500000)
  to   space 11264K, 0% used [0x000000077a680000,0x000000077a680000,0x000000077b180000)
 ParOldGen       total 111616K, used 12535K [0x00000006c2200000, 0x00000006c8f00000, 0x000000076b600000)
  object space 111616K, 11% used [0x00000006c2200000,0x00000006c2e3dfb0,0x00000006c8f00000)
 Metaspace       used 44993K, capacity 47458K, committed 47576K, reserved 1091584K
  class space    used 5938K, capacity 6381K, committed 6400K, reserved 1048576K
Event: 11.562 GC heap after
Heap after GC invocations=10 (full 2):
 PSYoungGen      total 243200K, used 11254K [0x000000076b600000, 0x000000077b180000, 0x00000007c0000000)
  eden space 231936K, 0% used [0x000000076b600000,0x000000076b600000,0x0000000779880000)
  from space 11264K, 99% used [0x000000077a680000,0x000000077b17d830,0x000000077b180000)
  to   space 12800K, 0% used [0x0000000779880000,0x0000000779880000,0x000000077a500000)
 ParOldGen       total 111616K, used 15797K [0x00000006c2200000, 0x00000006c8f00000, 0x000000076b600000)
  object space 111616K, 14% used [0x00000006c2200000,0x00000006c316d738,0x00000006c8f00000)
 Metaspace       used 44993K, capacity 47458K, committed 47576K, reserved 1091584K
  class space    used 5938K, capacity 6381K, committed 6400K, reserved 1048576K
}

Deoptimization events (10 events):
Event: 11.457 Thread 0x0000000002d74800 Uncommon trap: reason=unstable_if action=reinterpret pc=0x0000000003b781a0 method=java.util.concurrent.ConcurrentHashMap.get(Ljava/lang/Object;)Ljava/lang/Object; @ 86
Event: 11.590 Thread 0x0000000002d74800 Uncommon trap: reason=unstable_if action=reinterpret pc=0x0000000003872e80 method=sun.reflect.annotation.AnnotationInvocationHandler.invoke(Ljava/lang/Object;Ljava/lang/reflect/Method;[Ljava/lang/Object;)Ljava/lang/Object; @ 19
Event: 11.714 Thread 0x0000000002d74800 Uncommon trap: reason=bimorphic action=maybe_recompile pc=0x00000000033ce65c method=java.util.concurrent.locks.AbstractQueuedSynchronizer.release(I)Z @ 2
Event: 11.717 Thread 0x0000000002d74800 Uncommon trap: reason=bimorphic action=maybe_recompile pc=0x00000000033ce65c method=java.util.concurrent.locks.AbstractQueuedSynchronizer.release(I)Z @ 2
Event: 11.718 Thread 0x0000000002d74800 Uncommon trap: reason=bimorphic action=maybe_recompile pc=0x00000000033ce65c method=java.util.concurrent.locks.AbstractQueuedSynchronizer.release(I)Z @ 2
Event: 11.719 Thread 0x0000000002d74800 Uncommon trap: reason=bimorphic action=maybe_recompile pc=0x00000000033ce65c method=java.util.concurrent.locks.AbstractQueuedSynchronizer.release(I)Z @ 2
Event: 14.342 Thread 0x0000000002d74800 Uncommon trap: reason=unstable_if action=reinterpret pc=0x0000000003977cd8 method=org.springframework.beans.factory.support.AbstractAutowireCapableBeanFactory.determineTargetType(Ljava/lang/String;Lorg/springframework/beans/factory/support/RootBeanDefinit
Event: 14.388 Thread 0x0000000002d74800 Uncommon trap: reason=bimorphic action=maybe_recompile pc=0x0000000003ac02a0 method=java.util.Collections$SetFromMap.contains(Ljava/lang/Object;)Z @ 5
Event: 14.389 Thread 0x0000000002d74800 Uncommon trap: reason=bimorphic action=maybe_recompile pc=0x0000000003ac02a0 method=java.util.Collections$SetFromMap.contains(Ljava/lang/Object;)Z @ 5
Event: 14.389 Thread 0x0000000002d74800 Uncommon trap: reason=bimorphic action=maybe_recompile pc=0x0000000003ac02a0 method=java.util.Collections$SetFromMap.contains(Ljava/lang/Object;)Z @ 5

Classes redefined (0 events):
No events

Internal exceptions (10 events):
Event: 14.534 Thread 0x0000000002d74800 Exception <a 'java/lang/ClassNotFoundException': java/lang/ObjectCustomizer> (0x0000000775a96dd0) thrown at [C:\re\workspace\8-2-build-windows-amd64-cygwin\jdk8u181\11358\hotspot\src\share\vm\classfile\systemDictionary.cpp, line 210]
Event: 14.534 Thread 0x0000000002d74800 Exception <a 'java/lang/ClassNotFoundException': org/springframework/cloud/context/environment/EnvironmentManagerCustomizer> (0x0000000775acf628) thrown at [C:\re\workspace\8-2-build-windows-amd64-cygwin\jdk8u181\11358\hotspot\src\share\vm\classfile\syste
Event: 14.535 Thread 0x0000000002d74800 Exception <a 'java/lang/ClassNotFoundException': org/springframework/context/ApplicationEventPublisherAwareCustomizer> (0x0000000775b07c88) thrown at [C:\re\workspace\8-2-build-windows-amd64-cygwin\jdk8u181\11358\hotspot\src\share\vm\classfile\systemDicti
Event: 14.535 Thread 0x0000000002d74800 Exception <a 'java/lang/ClassNotFoundException': org/springframework/beans/factory/AwareCustomizer> (0x0000000775b310a0) thrown at [C:\re\workspace\8-2-build-windows-amd64-cygwin\jdk8u181\11358\hotspot\src\share\vm\classfile\systemDictionary.cpp, line 210
Event: 14.536 Thread 0x0000000002d74800 Exception <a 'java/lang/ClassNotFoundException': java/lang/ObjectCustomizer> (0x0000000775b44660) thrown at [C:\re\workspace\8-2-build-windows-amd64-cygwin\jdk8u181\11358\hotspot\src\share\vm\classfile\systemDictionary.cpp, line 210]
Event: 14.537 Thread 0x0000000002d74800 Exception <a 'java/lang/ClassNotFoundException': org/springframework/cloud/client/discovery/composite/CompositeDiscoveryClientAutoConfigurationCustomizer> (0x0000000775b8e5b0) thrown at [C:\re\workspace\8-2-build-windows-amd64-cygwin\jdk8u181\11358\hotspo
Event: 14.540 Thread 0x0000000002d74800 Exception <a 'java/lang/ClassNotFoundException': java/lang/ObjectCustomizer> (0x0000000775bbf338) thrown at [C:\re\workspace\8-2-build-windows-amd64-cygwin\jdk8u181\11358\hotspot\src\share\vm\classfile\systemDictionary.cpp, line 210]
Event: 14.541 Thread 0x0000000002d74800 Exception <a 'java/lang/ClassNotFoundException': org/springframework/cloud/client/discovery/simple/SimpleDiscoveryClientAutoConfigurationCustomizer> (0x0000000775c05768) thrown at [C:\re\workspace\8-2-build-windows-amd64-cygwin\jdk8u181\11358\hotspot\src\
Event: 14.541 Thread 0x0000000002d74800 Exception <a 'java/lang/ClassNotFoundException': org/springframework/context/ApplicationListenerCustomizer> (0x0000000775c3af50) thrown at [C:\re\workspace\8-2-build-windows-amd64-cygwin\jdk8u181\11358\hotspot\src\share\vm\classfile\systemDictionary.cpp, 
Event: 14.542 Thread 0x0000000002d74800 Exception <a 'java/lang/ClassNotFoundException': java/util/EventListenerCustomizer> (0x0000000775c4b9d0) thrown at [C:\re\workspace\8-2-build-windows-amd64-cygwin\jdk8u181\11358\hotspot\src\share\vm\classfile\systemDictionary.cpp, line 210]

Events (10 events):
Event: 14.541 loading class org/springframework/context/ApplicationListenerCustomizer
Event: 14.541 loading class org/springframework/context/ApplicationListenerCustomizer done
Event: 14.541 loading class org/springframework/context/ApplicationListenerCustomizer
Event: 14.541 loading class org/springframework/context/ApplicationListenerCustomizer done
Event: 14.541 loading class org/springframework/context/ApplicationListenerCustomizer
Event: 14.541 loading class org/springframework/context/ApplicationListenerCustomizer done
Event: 14.541 loading class java/util/EventListenerCustomizer
Event: 14.541 loading class java/util/EventListenerCustomizer done
Event: 14.542 loading class java/util/EventListenerCustomizer
Event: 14.542 loading class java/util/EventListenerCustomizer done


Dynamic libraries:
0x00007ff7e7740000 - 0x00007ff7e7777000 	C:\Program Files\Java\jdk1.8.0_181\bin\java.exe
0x00007fffc3270000 - 0x00007fffc3468000 	C:\WINDOWS\SYSTEM32\ntdll.dll
0x00007fffc29d0000 - 0x00007fffc2a8f000 	C:\WINDOWS\System32\KERNEL32.DLL
0x00007fffc0a70000 - 0x00007fffc0d42000 	C:\WINDOWS\System32\KERNELBASE.dll
0x00007fffc1ec0000 - 0x00007fffc1f6e000 	C:\WINDOWS\System32\ADVAPI32.dll
0x00007fffc2350000 - 0x00007fffc23ee000 	C:\WINDOWS\System32\msvcrt.dll
0x00007fffc21f0000 - 0x00007fffc228c000 	C:\WINDOWS\System32\sechost.dll
0x00007fffc20c0000 - 0x00007fffc21e4000 	C:\WINDOWS\System32\RPCRT4.dll
0x00007fffc2b40000 - 0x00007fffc2ce1000 	C:\WINDOWS\System32\USER32.dll
0x00007fffc1000000 - 0x00007fffc1022000 	C:\WINDOWS\System32\win32u.dll
0x00007fffc2880000 - 0x00007fffc28ab000 	C:\WINDOWS\System32\GDI32.dll
0x00007fffc0d50000 - 0x00007fffc0e5f000 	C:\WINDOWS\System32\gdi32full.dll
0x00007fffc0e60000 - 0x00007fffc0efd000 	C:\WINDOWS\System32\msvcp_win.dll
0x00007fffc0f00000 - 0x00007fffc1000000 	C:\WINDOWS\System32\ucrtbase.dll
0x00007fffb3070000 - 0x00007fffb330a000 	C:\WINDOWS\WinSxS\amd64_microsoft.windows.common-controls_6595b64144ccf1df_6.0.19041.1110_none_60b5254171f9507e\COMCTL32.dll
0x00007fffc2470000 - 0x00007fffc24a0000 	C:\WINDOWS\System32\IMM32.DLL
0x0000000052d50000 - 0x0000000052e22000 	C:\Program Files\Java\jdk1.8.0_181\jre\bin\msvcr100.dll
0x00000000524a0000 - 0x0000000052d42000 	C:\Program Files\Java\jdk1.8.0_181\jre\bin\server\jvm.dll
0x00007fffc2340000 - 0x00007fffc2348000 	C:\WINDOWS\System32\PSAPI.DLL
0x00007fff99e20000 - 0x00007fff99e29000 	C:\WINDOWS\SYSTEM32\WSOCK32.dll
0x00007fffb24f0000 - 0x00007fffb2517000 	C:\WINDOWS\SYSTEM32\WINMM.dll
0x00007fffbb870000 - 0x00007fffbb87a000 	C:\WINDOWS\SYSTEM32\VERSION.dll
0x00007fffc2cf0000 - 0x00007fffc2d5b000 	C:\WINDOWS\System32\WS2_32.dll
0x0000000052490000 - 0x000000005249f000 	C:\Program Files\Java\jdk1.8.0_181\jre\bin\verify.dll
0x0000000052460000 - 0x0000000052489000 	C:\Program Files\Java\jdk1.8.0_181\jre\bin\java.dll
0x00000000523d0000 - 0x00000000523f3000 	C:\Program Files\Java\jdk1.8.0_181\jre\bin\instrument.dll
0x0000000052440000 - 0x0000000052456000 	C:\Program Files\Java\jdk1.8.0_181\jre\bin\zip.dll
0x00007fffc15c0000 - 0x00007fffc1d05000 	C:\WINDOWS\System32\SHELL32.dll
0x00007fffbea30000 - 0x00007fffbf1c2000 	C:\WINDOWS\SYSTEM32\windows.storage.dll
0x00007fffc2520000 - 0x00007fffc2875000 	C:\WINDOWS\System32\combase.dll
0x00007fffc03d0000 - 0x00007fffc0400000 	C:\WINDOWS\SYSTEM32\Wldp.dll
0x00007fffc2a90000 - 0x00007fffc2b3d000 	C:\WINDOWS\System32\SHCORE.dll
0x00007fffc2d60000 - 0x00007fffc2db5000 	C:\WINDOWS\System32\shlwapi.dll
0x00007fffc08b0000 - 0x00007fffc08cf000 	C:\WINDOWS\SYSTEM32\profapi.dll
0x00007fff9a990000 - 0x00007fff9a9aa000 	D:\idea\IntelliJ IDEA 2021.2.3\bin\breakgen64.dll
0x0000000052420000 - 0x000000005243a000 	C:\Program Files\Java\jdk1.8.0_181\jre\bin\net.dll
0x00007fffc00c0000 - 0x00007fffc012a000 	C:\WINDOWS\system32\mswsock.dll
0x00007fffbfdb0000 - 0x00007fffbfdeb000 	C:\WINDOWS\SYSTEM32\IPHLPAPI.DLL
0x00007fffc2500000 - 0x00007fffc2508000 	C:\WINDOWS\System32\NSI.dll
0x00007fffbb3c0000 - 0x00007fffbb3d7000 	C:\WINDOWS\SYSTEM32\dhcpcsvc6.DLL
0x00007fffbb1f0000 - 0x00007fffbb20d000 	C:\WINDOWS\SYSTEM32\dhcpcsvc.DLL
0x00007fffbfdf0000 - 0x00007fffbfebb000 	C:\WINDOWS\SYSTEM32\DNSAPI.dll
0x00000000523c0000 - 0x00000000523cd000 	C:\Program Files\Java\jdk1.8.0_181\jre\bin\management.dll
0x00007fffb6c70000 - 0x00007fffb6c87000 	C:\WINDOWS\system32\napinsp.dll
0x00007fffa49c0000 - 0x00007fffa49db000 	C:\WINDOWS\system32\pnrpnsp.dll
0x00007fffa49a0000 - 0x00007fffa49b5000 	C:\WINDOWS\system32\wshbth.dll
0x00007fffbb490000 - 0x00007fffbb4ad000 	C:\WINDOWS\system32\NLAapi.dll
0x00007fffa4980000 - 0x00007fffa4992000 	C:\WINDOWS\System32\winrnr.dll
0x00007fffb8430000 - 0x00007fffb843a000 	C:\Windows\System32\rasadhlp.dll
0x00007fffb9690000 - 0x00007fffb9710000 	C:\WINDOWS\System32\fwpuclnt.dll
0x00007fffc1200000 - 0x00007fffc1227000 	C:\WINDOWS\System32\bcrypt.dll
0x00007fffc0330000 - 0x00007fffc0348000 	C:\WINDOWS\SYSTEM32\CRYPTSP.dll
0x00007fffbf970000 - 0x00007fffbf9a4000 	C:\WINDOWS\system32\rsaenh.dll
0x00007fffc0870000 - 0x00007fffc089e000 	C:\WINDOWS\SYSTEM32\USERENV.dll
0x00007fffc1230000 - 0x00007fffc12b2000 	C:\WINDOWS\System32\bcryptprimitives.dll
0x00007fffc0320000 - 0x00007fffc032c000 	C:\WINDOWS\SYSTEM32\CRYPTBASE.dll
0x0000000052400000 - 0x0000000052411000 	C:\Program Files\Java\jdk1.8.0_181\jre\bin\nio.dll
0x0000000180000000 - 0x0000000180288000 	D:\ChromeCoreDownloads\apache-tomcat-9.0.69\bin\tcnative-1.dll
0x00007fffc1030000 - 0x00007fffc1186000 	C:\WINDOWS\System32\CRYPT32.dll

VM Arguments:
jvm_args: -ea -Didea.test.cyclic.buffer.size=1048576 -javaagent:D:\idea\IntelliJ IDEA 2021.2.3\lib\idea_rt.jar=49472:D:\idea\IntelliJ IDEA 2021.2.3\bin -Dfile.encoding=UTF-8 
java_command: com.intellij.rt.junit.JUnitStarter -ideVersion5 -junit4 com.cjx.Test,test
java_class_path (initial): D:\idea\IntelliJ IDEA 2021.2.3\lib\idea_rt.jar;D:\idea\IntelliJ IDEA 2021.2.3\plugins\junit\lib\junit5-rt.jar;D:\idea\IntelliJ IDEA 2021.2.3\plugins\junit\lib\junit-rt.jar;C:\Program Files\Java\jdk1.8.0_181\jre\lib\charsets.jar;C:\Program Files\Java\jdk1.8.0_181\jre\lib\deploy.jar;C:\Program Files\Java\jdk1.8.0_181\jre\lib\ext\access-bridge-64.jar;C:\Program Files\Java\jdk1.8.0_181\jre\lib\ext\cldrdata.jar;C:\Program Files\Java\jdk1.8.0_181\jre\lib\ext\dnsns.jar;C:\Program Files\Java\jdk1.8.0_181\jre\lib\ext\jaccess.jar;C:\Program Files\Java\jdk1.8.0_181\jre\lib\ext\jfxrt.jar;C:\Program Files\Java\jdk1.8.0_181\jre\lib\ext\localedata.jar;C:\Program Files\Java\jdk1.8.0_181\jre\lib\ext\nashorn.jar;C:\Program Files\Java\jdk1.8.0_181\jre\lib\ext\sunec.jar;C:\Program Files\Java\jdk1.8.0_181\jre\lib\ext\sunjce_provider.jar;C:\Program Files\Java\jdk1.8.0_181\jre\lib\ext\sunmscapi.jar;C:\Program Files\Java\jdk1.8.0_181\jre\lib\ext\sunpkcs11.jar;C:\Program Files\Java\jdk1.8.0_181\jre\lib\ext\zipfs.jar;C:\Program Files\Java\jdk1.8.0_181\jre\lib\javaws.jar;C:\Program Files\Java\jdk1.8.0_181\jre\lib\jce.jar;C:\Program Files\Java\jdk1.8.0_181\jre\lib\jfr.jar;C:\Program Files\Java\jdk1.8.0_181\jre\lib\jfxswt.jar;C:\Program Files\Java\jdk1.8.0_181\jre\lib\jsse.jar;C:\Program Files\Java\jdk1.8.0_181\jre\lib\management-agent.jar;C:\Program Files\Java\jdk1.8.0_181\jre\lib\plugin.jar;C:\Program Files\Java\jdk1.8.0_181\jre\lib\resources.jar;C:\Program Files\Java\jdk1.8.0_181\jre\lib\rt.jar;E:\BProjectFiles\yingxueDemo1\videos\target\test-classes;E:\BProjectFiles\yingxueDemo1\videos\target\classes;E:\BProjectFiles\yingxueDemo1\commons\target\classes;D:\maven\maven_repository\org\springframework\boot\spring-boot-starter-web\2.3.5.RELEASE\spring-boot-starter-web-2.3.5.RELEASE.jar;D:\maven\maven_repository\org\springframework\boot\spring-boot-starter-json\2.3.5.RELEASE\spring-boot-starter-json-2.3.5.RELEASE.jar;D:\maven\maven_repository\com\fasterxml\jackson\cor
Launcher Type: SUN_STANDARD

Environment Variables:
JAVA_HOME=C:\Program Files\Java\jdk1.8.0_181
USERNAME=chenxin
OS=Windows_NT
PROCESSOR_IDENTIFIER=Intel64 Family 6 Model 158 Stepping 10, GenuineIntel



---------------  S Y S T E M  ---------------

OS: Windows 10.0 , 64 bit Build 19041 (10.0.19041.2546)

CPU:total 12 (initial active 12) (6 cores per cpu, 2 threads per core) family 6 model 158 stepping 10, cmov, cx8, fxsr, mmx, sse, sse2, sse3, ssse3, sse4.1, sse4.2, popcnt, avx, avx2, aes, clmul, erms, 3dnowpref, lzcnt, ht, tsc, tscinvbit, bmi1, bmi2, adx

Memory: 4k page, physical 16631236k(3119468k free), swap 20526532k(6788k free)

vm_info: Java HotSpot(TM) 64-Bit Server VM (25.181-b13) for windows-amd64 JRE (1.8.0_181-b13), built on Jul  7 2018 04:01:33 by "java_re" with MS VC++ 10.0 (VS2010)

time: Fri Mar 17 09:07:58 2023
elapsed time: 14 seconds (0d 0h 0m 14s)

