#
# There is insufficient memory for the Java Runtime Environment to continue.
# Native memory allocation (malloc) failed to allocate 949776 bytes for Chunk::new
# Possible reasons:
#   The system is out of physical RAM or swap space
#   In 32 bit mode, the process size limit was hit
# Possible solutions:
#   Reduce memory load on the system
#   Increase physical memory or swap space
#   Check if swap backing store is full
#   Use 64 bit Java on a 64 bit OS
#   Decrease Java heap size (-Xmx/-Xms)
#   Decrease number of Java threads
#   Decrease Java thread stack sizes (-Xss)
#   Set larger code cache with -XX:ReservedCodeCacheSize=
# This output file may be truncated or incomplete.
#
#  Out of Memory Error (allocation.cpp:390), pid=22360, tid=0x00000000000055d0
#
# JRE version: Java(TM) SE Runtime Environment (8.0_181-b13) (build 1.8.0_181-b13)
# Java VM: Java HotSpot(TM) 64-Bit Server VM (25.181-b13 mixed mode windows-amd64 compressed oops)
# Failed to write core dump. Minidumps are not enabled by default on client versions of Windows
#

---------------  T H R E A D  ---------------

Current thread (0x000000001e6d9800):  JavaThread "C2 CompilerThread0" daemon [_thread_in_native, id=21968, stack(0x000000001fc90000,0x000000001fd90000)]

Stack: [0x000000001fc90000,0x000000001fd90000]
[error occurred during error reporting (printing stack bounds), id 0xc0000005]

Native frames: (J=compiled Java code, j=interpreted, Vv=VM code, C=native code)


Current CompileTask:
C2:  18666 5219   !   4       org.springframework.util.ReflectionUtils::doWithLocalMethods (89 bytes)


---------------  P R O C E S S  ---------------

Java Threads: ( => current thread )
  0x00000000277e3800 JavaThread "DataPublisher" daemon [_thread_blocked, id=21688, stack(0x000000002cbd0000,0x000000002ccd0000)]
  0x00000000277e8800 JavaThread "com.alibaba.nacos.client.naming.updater" daemon [_thread_blocked, id=11732, stack(0x000000002cad0000,0x000000002cbd0000)]
  0x00000000277e5800 JavaThread "Keep-Alive-Timer" daemon [_thread_blocked, id=25544, stack(0x000000002c9d0000,0x000000002cad0000)]
  0x00000000277db000 JavaThread "PollingServerListUpdater-0" daemon [_thread_blocked, id=24444, stack(0x0000000024240000,0x0000000024340000)]
  0x00000000277da800 JavaThread "RibbonApacheHttpClientConfiguration.connectionManagerTimer" daemon [_thread_blocked, id=11604, stack(0x000000002b240000,0x000000002b340000)]
  0x00000000277dd800 JavaThread "com.alibaba.nacos.client.Worker.longPolling.fixed-192.168.175.161_8848" daemon [_thread_blocked, id=8212, stack(0x000000002b140000,0x000000002b240000)]
  0x00000000277e1000 JavaThread "com.alibaba.nacos.client.Worker.longPolling.fixed-192.168.175.161_8848" daemon [_thread_in_native, id=24828, stack(0x000000002b040000,0x000000002b140000)]
  0x00000000277e0800 JavaThread "Nacso-Watch-Task-Scheduler-1" [_thread_blocked, id=21448, stack(0x000000002af40000,0x000000002b040000)]
  0x00000000277df800 JavaThread "com.alibaba.nacos.naming.push.receiver" daemon [_thread_in_native, id=14208, stack(0x00000000289a0000,0x0000000028aa0000)]
  0x00000000277de000 JavaThread "com.alibaba.nacos.naming.failover" daemon [_thread_blocked, id=24888, stack(0x00000000288a0000,0x00000000289a0000)]
  0x00000000277dc800 JavaThread "com.alibaba.nacos.client.naming.updater" daemon [_thread_blocked, id=18248, stack(0x00000000287a0000,0x00000000288a0000)]
  0x00000000277dc000 JavaThread "com.alibaba.nacos.client.naming.updater" daemon [_thread_blocked, id=24184, stack(0x0000000026890000,0x0000000026990000)]
  0x00000000277df000 JavaThread "com.alibaba.nacos.naming.client.listener" daemon [_thread_blocked, id=20804, stack(0x0000000025510000,0x0000000025610000)]
  0x0000000021319000 JavaThread "spring.cloud.inetutils" daemon [_thread_in_native, id=15736, stack(0x0000000021f10000,0x0000000022010000)]
  0x0000000021314800 JavaThread "Abandoned connection cleanup thread" daemon [_thread_blocked, id=3676, stack(0x0000000027e40000,0x0000000027f40000)]
  0x0000000021312800 JavaThread "com.alibaba.nacos.client.Worker.fixed-192.168.175.161_8848" daemon [_thread_blocked, id=24900, stack(0x0000000023d40000,0x0000000023e40000)]
  0x0000000021317800 JavaThread "com.alibaba.nacos.client.config.security.updater" daemon [_thread_blocked, id=22168, stack(0x0000000023c40000,0x0000000023d40000)]
  0x0000000021317000 JavaThread "Timer-0" daemon [_thread_blocked, id=25588, stack(0x0000000023b40000,0x0000000023c40000)]
  0x000000001e78e800 JavaThread "Service Thread" daemon [_thread_blocked, id=23640, stack(0x0000000020090000,0x0000000020190000)]
  0x000000001e6e2800 JavaThread "C1 CompilerThread3" daemon [_thread_blocked, id=9000, stack(0x000000001ff90000,0x0000000020090000)]
  0x000000001e6df800 JavaThread "C2 CompilerThread2" daemon [_thread_in_native, id=22592, stack(0x000000001fe90000,0x000000001ff90000)]
  0x000000001e6de800 JavaThread "C2 CompilerThread1" daemon [_thread_blocked, id=16896, stack(0x000000001fd90000,0x000000001fe90000)]
=>0x000000001e6d9800 JavaThread "C2 CompilerThread0" daemon [_thread_in_native, id=21968, stack(0x000000001fc90000,0x000000001fd90000)]
  0x000000001e6d6000 JavaThread "Monitor Ctrl-Break" daemon [_thread_in_native, id=1396, stack(0x000000001fb90000,0x000000001fc90000)]
  0x000000001e659800 JavaThread "Attach Listener" daemon [_thread_blocked, id=22764, stack(0x000000001fa90000,0x000000001fb90000)]
  0x000000001e6ae800 JavaThread "Signal Dispatcher" daemon [_thread_blocked, id=22404, stack(0x000000001f990000,0x000000001fa90000)]
  0x000000001e633800 JavaThread "Finalizer" daemon [_thread_blocked, id=18320, stack(0x000000001f890000,0x000000001f990000)]
  0x000000001cf53000 JavaThread "Reference Handler" daemon [_thread_blocked, id=17556, stack(0x000000001f790000,0x000000001f890000)]
  0x00000000030c4800 JavaThread "main" [_thread_in_native, id=19384, stack(0x0000000002f40000,0x0000000003040000)]

Other Threads:
  0x000000001cf48000 VMThread [stack: 0x000000001f690000,0x000000001f790000] [id=10956]
  0x000000001e7e7000 WatcherThread [stack: 0x0000000020190000,0x0000000020290000] [id=18844]

VM state:not at safepoint (normal execution)

VM Mutex/Monitor currently owned by a thread: None

Heap:
 PSYoungGen      total 241664K, used 6889K [0x000000076b600000, 0x000000077b080000, 0x00000007c0000000)
  eden space 230400K, 2% used [0x000000076b600000,0x000000076bcba7d8,0x0000000779700000)
  from space 11264K, 0% used [0x000000077a580000,0x000000077a580000,0x000000077b080000)
  to   space 12800K, 0% used [0x0000000779780000,0x0000000779780000,0x000000077a400000)
 ParOldGen       total 157696K, used 26763K [0x00000006c2200000, 0x00000006cbc00000, 0x000000076b600000)
  object space 157696K, 16% used [0x00000006c2200000,0x00000006c3c22f50,0x00000006cbc00000)
 Metaspace       used 56109K, capacity 59036K, committed 59224K, reserved 1099776K
  class space    used 7468K, capacity 7970K, committed 8064K, reserved 1048576K

Card table byte_map: [0x0000000012740000,0x0000000012f30000] byte_map_base: 0x000000000f12f000

Marking Bits: (ParMarkBitMap*) 0x0000000052cc2d00
 Begin Bits: [0x0000000013e80000, 0x0000000017df8000)
 End Bits:   [0x0000000017df8000, 0x000000001bd70000)

Polling page: 0x0000000000ce0000

CodeCache: size=245760Kb used=18790Kb max_used=18802Kb free=226969Kb
 bounds [0x0000000003380000, 0x00000000045f0000, 0x0000000012380000]
 total_blobs=5296 nmethods=4750 adapters=458
 compilation: enabled

Compilation events (10 events):
Event: 18.597 Thread 0x000000001e6de800 5372       4       java.util.AbstractList::iterator (10 bytes)
Event: 18.598 Thread 0x000000001e6de800 nmethod 5372 0x00000000045e1690 code [0x00000000045e17e0, 0x00000000045e18e8]
Event: 18.616 Thread 0x000000001e6e2800 5408       3       java.nio.CharBuffer::hasArray (20 bytes)
Event: 18.616 Thread 0x000000001e6e2800 nmethod 5408 0x00000000045e12d0 code [0x00000000045e1420, 0x00000000045e1610]
Event: 18.616 Thread 0x000000001e6e2800 5409       3       java.nio.ByteBuffer::hasArray (20 bytes)
Event: 18.617 Thread 0x000000001e6e2800 nmethod 5409 0x00000000045e0f10 code [0x00000000045e1060, 0x00000000045e1250]
Event: 18.617 Thread 0x000000001e6e2800 5411       3       java.nio.CharBuffer::<init> (22 bytes)
Event: 18.617 Thread 0x000000001e6e2800 nmethod 5411 0x00000000045e0b10 code [0x00000000045e0c80, 0x00000000045e0e48]
Event: 18.617 Thread 0x000000001e6e2800 5410       1       sun.nio.cs.StreamEncoder::isOpen (5 bytes)
Event: 18.617 Thread 0x000000001e6e2800 nmethod 5410 0x00000000034ea0d0 code [0x00000000034ea220, 0x00000000034ea330]

GC Heap History (10 events):
Event: 8.827 GC heap before
{Heap before GC invocations=9 (full 2):
 PSYoungGen      total 243200K, used 8052K [0x000000076b600000, 0x000000077b080000, 0x00000007c0000000)
  eden space 230400K, 0% used [0x000000076b600000,0x000000076b600000,0x0000000779700000)
  from space 12800K, 62% used [0x0000000779780000,0x0000000779f5d3d8,0x000000077a400000)
  to   space 11264K, 0% used [0x000000077a580000,0x000000077a580000,0x000000077b080000)
 ParOldGen       total 81920K, used 6523K [0x00000006c2200000, 0x00000006c7200000, 0x000000076b600000)
  object space 81920K, 7% used [0x00000006c2200000,0x00000006c285eca0,0x00000006c7200000)
 Metaspace       used 33921K, capacity 35366K, committed 35416K, reserved 1079296K
  class space    used 4425K, capacity 4727K, committed 4736K, reserved 1048576K
Event: 8.886 GC heap after
Heap after GC invocations=9 (full 2):
 PSYoungGen      total 243200K, used 0K [0x000000076b600000, 0x000000077b080000, 0x00000007c0000000)
  eden space 230400K, 0% used [0x000000076b600000,0x000000076b600000,0x0000000779700000)
  from space 12800K, 0% used [0x0000000779780000,0x0000000779780000,0x000000077a400000)
  to   space 11264K, 0% used [0x000000077a580000,0x000000077a580000,0x000000077b080000)
 ParOldGen       total 110592K, used 12609K [0x00000006c2200000, 0x00000006c8e00000, 0x000000076b600000)
  object space 110592K, 11% used [0x00000006c2200000,0x00000006c2e50570,0x00000006c8e00000)
 Metaspace       used 33921K, capacity 35366K, committed 35416K, reserved 1079296K
  class space    used 4425K, capacity 4727K, committed 4736K, reserved 1048576K
}
Event: 11.707 GC heap before
{Heap before GC invocations=10 (full 2):
 PSYoungGen      total 243200K, used 230400K [0x000000076b600000, 0x000000077b080000, 0x00000007c0000000)
  eden space 230400K, 100% used [0x000000076b600000,0x0000000779700000,0x0000000779700000)
  from space 12800K, 0% used [0x0000000779780000,0x0000000779780000,0x000000077a400000)
  to   space 11264K, 0% used [0x000000077a580000,0x000000077a580000,0x000000077b080000)
 ParOldGen       total 110592K, used 12609K [0x00000006c2200000, 0x00000006c8e00000, 0x000000076b600000)
  object space 110592K, 11% used [0x00000006c2200000,0x00000006c2e50570,0x00000006c8e00000)
 Metaspace       used 44992K, capacity 47446K, committed 47576K, reserved 1091584K
  class space    used 5939K, capacity 6381K, committed 6400K, reserved 1048576K
Event: 11.716 GC heap after
Heap after GC invocations=10 (full 2):
 PSYoungGen      total 241664K, used 11259K [0x000000076b600000, 0x000000077b080000, 0x00000007c0000000)
  eden space 230400K, 0% used [0x000000076b600000,0x000000076b600000,0x0000000779700000)
  from space 11264K, 99% used [0x000000077a580000,0x000000077b07ef28,0x000000077b080000)
  to   space 12800K, 0% used [0x0000000779780000,0x0000000779780000,0x000000077a400000)
 ParOldGen       total 110592K, used 16023K [0x00000006c2200000, 0x00000006c8e00000, 0x000000076b600000)
  object space 110592K, 14% used [0x00000006c2200000,0x00000006c31a5c90,0x00000006c8e00000)
 Metaspace       used 44992K, capacity 47446K, committed 47576K, reserved 1091584K
  class space    used 5939K, capacity 6381K, committed 6400K, reserved 1048576K
}
Event: 16.880 GC heap before
{Heap before GC invocations=11 (full 2):
 PSYoungGen      total 241664K, used 241659K [0x000000076b600000, 0x000000077b080000, 0x00000007c0000000)
  eden space 230400K, 100% used [0x000000076b600000,0x0000000779700000,0x0000000779700000)
  from space 11264K, 99% used [0x000000077a580000,0x000000077b07ef28,0x000000077b080000)
  to   space 12800K, 0% used [0x0000000779780000,0x0000000779780000,0x000000077a400000)
 ParOldGen       total 110592K, used 16023K [0x00000006c2200000, 0x00000006c8e00000, 0x000000076b600000)
  object space 110592K, 14% used [0x00000006c2200000,0x00000006c31a5c90,0x00000006c8e00000)
 Metaspace       used 49043K, capacity 51728K, committed 51800K, reserved 1093632K
  class space    used 6530K, capacity 7002K, committed 7040K, reserved 1048576K
Event: 16.888 GC heap after
Heap after GC invocations=11 (full 2):
 PSYoungGen      total 243200K, used 12776K [0x000000076b600000, 0x000000077b080000, 0x00000007c0000000)
  eden space 230400K, 0% used [0x000000076b600000,0x000000076b600000,0x0000000779700000)
  from space 12800K, 99% used [0x0000000779780000,0x000000077a3fa080,0x000000077a400000)
  to   space 11264K, 0% used [0x000000077a580000,0x000000077a580000,0x000000077b080000)
 ParOldGen       total 110592K, used 16374K [0x00000006c2200000, 0x00000006c8e00000, 0x000000076b600000)
  object space 110592K, 14% used [0x00000006c2200000,0x00000006c31fdb20,0x00000006c8e00000)
 Metaspace       used 49043K, capacity 51728K, committed 51800K, reserved 1093632K
  class space    used 6530K, capacity 7002K, committed 7040K, reserved 1048576K
}
Event: 18.380 GC heap before
{Heap before GC invocations=12 (full 2):
 PSYoungGen      total 243200K, used 95224K [0x000000076b600000, 0x000000077b080000, 0x00000007c0000000)
  eden space 230400K, 35% used [0x000000076b600000,0x0000000770684150,0x0000000779700000)
  from space 12800K, 99% used [0x0000000779780000,0x000000077a3fa080,0x000000077a400000)
  to   space 11264K, 0% used [0x000000077a580000,0x000000077a580000,0x000000077b080000)
 ParOldGen       total 110592K, used 16374K [0x00000006c2200000, 0x00000006c8e00000, 0x000000076b600000)
  object space 110592K, 14% used [0x00000006c2200000,0x00000006c31fdb20,0x00000006c8e00000)
 Metaspace       used 55954K, capacity 58812K, committed 58968K, reserved 1099776K
  class space    used 7419K, capacity 7938K, committed 8064K, reserved 1048576K
Event: 18.391 GC heap after
Heap after GC invocations=12 (full 2):
 PSYoungGen      total 241664K, used 11254K [0x000000076b600000, 0x000000077b080000, 0x00000007c0000000)
  eden space 230400K, 0% used [0x000000076b600000,0x000000076b600000,0x0000000779700000)
  from space 11264K, 99% used [0x000000077a580000,0x000000077b07d930,0x000000077b080000)
  to   space 12800K, 0% used [0x0000000779780000,0x0000000779780000,0x000000077a400000)
 ParOldGen       total 110592K, used 22514K [0x00000006c2200000, 0x00000006c8e00000, 0x000000076b600000)
  object space 110592K, 20% used [0x00000006c2200000,0x00000006c37fcb00,0x00000006c8e00000)
 Metaspace       used 55954K, capacity 58812K, committed 58968K, reserved 1099776K
  class space    used 7419K, capacity 7938K, committed 8064K, reserved 1048576K
}
Event: 18.391 GC heap before
{Heap before GC invocations=13 (full 3):
 PSYoungGen      total 241664K, used 11254K [0x000000076b600000, 0x000000077b080000, 0x00000007c0000000)
  eden space 230400K, 0% used [0x000000076b600000,0x000000076b600000,0x0000000779700000)
  from space 11264K, 99% used [0x000000077a580000,0x000000077b07d930,0x000000077b080000)
  to   space 12800K, 0% used [0x0000000779780000,0x0000000779780000,0x000000077a400000)
 ParOldGen       total 110592K, used 22514K [0x00000006c2200000, 0x00000006c8e00000, 0x000000076b600000)
  object space 110592K, 20% used [0x00000006c2200000,0x00000006c37fcb00,0x00000006c8e00000)
 Metaspace       used 55954K, capacity 58812K, committed 58968K, reserved 1099776K
  class space    used 7419K, capacity 7938K, committed 8064K, reserved 1048576K
Event: 18.576 GC heap after
Heap after GC invocations=13 (full 3):
 PSYoungGen      total 241664K, used 0K [0x000000076b600000, 0x000000077b080000, 0x00000007c0000000)
  eden space 230400K, 0% used [0x000000076b600000,0x000000076b600000,0x0000000779700000)
  from space 11264K, 0% used [0x000000077a580000,0x000000077a580000,0x000000077b080000)
  to   space 12800K, 0% used [0x0000000779780000,0x0000000779780000,0x000000077a400000)
 ParOldGen       total 157696K, used 26763K [0x00000006c2200000, 0x00000006cbc00000, 0x000000076b600000)
  object space 157696K, 16% used [0x00000006c2200000,0x00000006c3c22f50,0x00000006cbc00000)
 Metaspace       used 55954K, capacity 58812K, committed 58968K, reserved 1099776K
  class space    used 7419K, capacity 7938K, committed 8064K, reserved 1048576K
}

Deoptimization events (10 events):
Event: 17.842 Thread 0x00000000030c4800 Uncommon trap: reason=class_check action=maybe_recompile pc=0x000000000368cfc4 method=java.util.jar.JarFile.getJarEntry(Ljava/lang/String;)Ljava/util/jar/JarEntry; @ 2
Event: 17.847 Thread 0x00000000030c4800 Uncommon trap: reason=unstable_if action=reinterpret pc=0x00000000041ed464 method=java.util.Properties.load0(Ljava/util/Properties$LineReader;)V @ 33
Event: 17.847 Thread 0x00000000030c4800 Uncommon trap: reason=unstable_if action=reinterpret pc=0x0000000003af4aa4 method=java.util.Properties.load0(Ljava/util/Properties$LineReader;)V @ 33
Event: 18.050 Thread 0x00000000030c4800 Uncommon trap: reason=null_check action=make_not_entrant pc=0x000000000399aa20 method=java.util.AbstractCollection.toArray([Ljava/lang/Object;)[Ljava/lang/Object; @ 119
Event: 18.054 Thread 0x00000000030c4800 Uncommon trap: reason=unstable_if action=reinterpret pc=0x0000000003b94910 method=java.util.HashMap.putVal(ILjava/lang/Object;Ljava/lang/Object;ZZ)Ljava/lang/Object; @ 162
Event: 18.054 Thread 0x00000000030c4800 Uncommon trap: reason=unstable_if action=reinterpret pc=0x00000000034976b8 method=java.util.HashMap.putVal(ILjava/lang/Object;Ljava/lang/Object;ZZ)Ljava/lang/Object; @ 162
Event: 18.054 Thread 0x00000000030c4800 Uncommon trap: reason=unstable_if action=reinterpret pc=0x000000000378bf48 method=java.util.HashMap.resize()[Ljava/util/HashMap$Node; @ 206
Event: 18.162 Thread 0x00000000030c4800 Uncommon trap: reason=unstable_if action=reinterpret pc=0x0000000003f0e6b4 method=java.lang.CharacterDataLatin1.digit(II)I @ 60
Event: 18.162 Thread 0x00000000030c4800 Uncommon trap: reason=unstable_if action=reinterpret pc=0x0000000003f0e2f0 method=java.lang.CharacterDataLatin1.digit(II)I @ 60
Event: 18.255 Thread 0x00000000030c4800 Uncommon trap: reason=unstable_if action=reinterpret pc=0x00000000039a681c method=java.lang.ClassLoader.getClassLoadingLock(Ljava/lang/String;)Ljava/lang/Object; @ 6

Classes redefined (0 events):
No events

Internal exceptions (10 events):
Event: 16.642 Thread 0x00000000030c4800 Exception <a 'java/lang/ClassNotFoundException': org/springframework/cloud/openfeign/support/FeignHttpClientPropertiesCustomizer> (0x0000000776e16218) thrown at [C:\re\workspace\8-2-build-windows-amd64-cygwin\jdk8u181\11358\hotspot\src\share\vm\classfile\
Event: 16.712 Thread 0x00000000030c4800 Exception <a 'java/lang/ClassNotFoundException': java/lang/ObjectCustomizer> (0x00000007774ef950) thrown at [C:\re\workspace\8-2-build-windows-amd64-cygwin\jdk8u181\11358\hotspot\src\share\vm\classfile\systemDictionary.cpp, line 210]
Event: 16.713 Thread 0x00000000030c4800 Exception <a 'java/lang/ClassNotFoundException': com/cjx/TestCustomizer> (0x000000077750c228) thrown at [C:\re\workspace\8-2-build-windows-amd64-cygwin\jdk8u181\11358\hotspot\src\share\vm\classfile\systemDictionary.cpp, line 210]
Event: 16.763 Thread 0x00000000030c4800 Exception <a 'java/lang/ClassNotFoundException': java/lang/Module> (0x000000077805f060) thrown at [C:\re\workspace\8-2-build-windows-amd64-cygwin\jdk8u181\11358\hotspot\src\share\vm\classfile\systemDictionary.cpp, line 210]
Event: 16.995 Thread 0x00000000030c4800 Exception <a 'java/lang/ArrayStoreException'> (0x000000076c759c80) thrown at [C:\re\workspace\8-2-build-windows-amd64-cygwin\jdk8u181\11358\hotspot\src\share\vm\runtime\sharedRuntime.cpp, line 605]
Event: 17.086 Thread 0x00000000030c4800 Exception <a 'java/lang/ClassNotFoundException': java/lang/ObjectCustomizer> (0x000000076d3364e8) thrown at [C:\re\workspace\8-2-build-windows-amd64-cygwin\jdk8u181\11358\hotspot\src\share\vm\classfile\systemDictionary.cpp, line 210]
Event: 17.087 Thread 0x00000000030c4800 Exception <a 'java/lang/ClassNotFoundException': org/springframework/cloud/netflix/ribbon/DefaultServerIntrospectorCustomizer> (0x000000076d372348) thrown at [C:\re\workspace\8-2-build-windows-amd64-cygwin\jdk8u181\11358\hotspot\src\share\vm\classfile\sys
Event: 17.087 Thread 0x00000000030c4800 Exception <a 'java/lang/ClassNotFoundException': com/alibaba/cloud/nacos/ribbon/NacosServerIntrospectorCustomizer> (0x000000076d3a86e8) thrown at [C:\re\workspace\8-2-build-windows-amd64-cygwin\jdk8u181\11358\hotspot\src\share\vm\classfile\systemDictionar
Event: 17.088 Thread 0x00000000030c4800 Exception <a 'java/lang/ClassNotFoundException': org/springframework/cloud/netflix/ribbon/ServerIntrospectorCustomizer> (0x000000076d3e1e58) thrown at [C:\re\workspace\8-2-build-windows-amd64-cygwin\jdk8u181\11358\hotspot\src\share\vm\classfile\systemDict
Event: 18.050 Thread 0x00000000030c4800 Implicit null exception at 0x000000000399a8fd to 0x000000000399aa15

Events (10 events):
Event: 18.613 loading class com/netflix/servo/monitor/TimedStopwatch
Event: 18.613 loading class com/netflix/servo/monitor/TimedStopwatch done
Event: 18.613 loading class com/netflix/servo/monitor/BasicStopwatch
Event: 18.613 loading class com/netflix/servo/monitor/BasicStopwatch done
Event: 18.614 loading class com/google/common/base/Strings
Event: 18.614 loading class com/google/common/base/Strings done
Event: 18.615 loading class javax/net/ssl/HttpsURLConnection
Event: 18.615 loading class javax/net/ssl/HttpsURLConnection done
Event: 18.616 loading class sun/net/www/protocol/http/HttpURLConnection$StreamingOutputStream
Event: 18.616 loading class sun/net/www/protocol/http/HttpURLConnection$StreamingOutputStream done


Dynamic libraries:
0x00007ff7e7740000 - 0x00007ff7e7777000 	C:\Program Files\Java\jdk1.8.0_181\bin\java.exe
0x00007fffc3270000 - 0x00007fffc3468000 	C:\WINDOWS\SYSTEM32\ntdll.dll
0x00007fffc29d0000 - 0x00007fffc2a8f000 	C:\WINDOWS\System32\KERNEL32.DLL
0x00007fffc0a70000 - 0x00007fffc0d42000 	C:\WINDOWS\System32\KERNELBASE.dll
0x00007fffc1ec0000 - 0x00007fffc1f6e000 	C:\WINDOWS\System32\ADVAPI32.dll
0x00007fffc2350000 - 0x00007fffc23ee000 	C:\WINDOWS\System32\msvcrt.dll
0x00007fffc21f0000 - 0x00007fffc228c000 	C:\WINDOWS\System32\sechost.dll
0x00007fffc20c0000 - 0x00007fffc21e4000 	C:\WINDOWS\System32\RPCRT4.dll
0x00007fffc2b40000 - 0x00007fffc2ce1000 	C:\WINDOWS\System32\USER32.dll
0x00007fffc1000000 - 0x00007fffc1022000 	C:\WINDOWS\System32\win32u.dll
0x00007fffc2880000 - 0x00007fffc28ab000 	C:\WINDOWS\System32\GDI32.dll
0x00007fffc0d50000 - 0x00007fffc0e5f000 	C:\WINDOWS\System32\gdi32full.dll
0x00007fffc0e60000 - 0x00007fffc0efd000 	C:\WINDOWS\System32\msvcp_win.dll
0x00007fffc0f00000 - 0x00007fffc1000000 	C:\WINDOWS\System32\ucrtbase.dll
0x00007fffb3070000 - 0x00007fffb330a000 	C:\WINDOWS\WinSxS\amd64_microsoft.windows.common-controls_6595b64144ccf1df_6.0.19041.1110_none_60b5254171f9507e\COMCTL32.dll
0x00007fffc2470000 - 0x00007fffc24a0000 	C:\WINDOWS\System32\IMM32.DLL
0x0000000052d50000 - 0x0000000052e22000 	C:\Program Files\Java\jdk1.8.0_181\jre\bin\msvcr100.dll
0x00000000524a0000 - 0x0000000052d42000 	C:\Program Files\Java\jdk1.8.0_181\jre\bin\server\jvm.dll
0x00007fffc2340000 - 0x00007fffc2348000 	C:\WINDOWS\System32\PSAPI.DLL
0x00007fff99e20000 - 0x00007fff99e29000 	C:\WINDOWS\SYSTEM32\WSOCK32.dll
0x00007fffbb870000 - 0x00007fffbb87a000 	C:\WINDOWS\SYSTEM32\VERSION.dll
0x00007fffc2cf0000 - 0x00007fffc2d5b000 	C:\WINDOWS\System32\WS2_32.dll
0x00007fffb24f0000 - 0x00007fffb2517000 	C:\WINDOWS\SYSTEM32\WINMM.dll
0x0000000052490000 - 0x000000005249f000 	C:\Program Files\Java\jdk1.8.0_181\jre\bin\verify.dll
0x0000000052460000 - 0x0000000052489000 	C:\Program Files\Java\jdk1.8.0_181\jre\bin\java.dll
0x00000000523d0000 - 0x00000000523f3000 	C:\Program Files\Java\jdk1.8.0_181\jre\bin\instrument.dll
0x0000000052440000 - 0x0000000052456000 	C:\Program Files\Java\jdk1.8.0_181\jre\bin\zip.dll
0x00007fffc15c0000 - 0x00007fffc1d05000 	C:\WINDOWS\System32\SHELL32.dll
0x00007fffbea30000 - 0x00007fffbf1c2000 	C:\WINDOWS\SYSTEM32\windows.storage.dll
0x00007fffc2520000 - 0x00007fffc2875000 	C:\WINDOWS\System32\combase.dll
0x00007fffc03d0000 - 0x00007fffc0400000 	C:\WINDOWS\SYSTEM32\Wldp.dll
0x00007fffc2a90000 - 0x00007fffc2b3d000 	C:\WINDOWS\System32\SHCORE.dll
0x00007fffc2d60000 - 0x00007fffc2db5000 	C:\WINDOWS\System32\shlwapi.dll
0x00007fffc08b0000 - 0x00007fffc08cf000 	C:\WINDOWS\SYSTEM32\profapi.dll
0x00007fff9a990000 - 0x00007fff9a9aa000 	D:\idea\IntelliJ IDEA 2021.2.3\bin\breakgen64.dll
0x0000000052420000 - 0x000000005243a000 	C:\Program Files\Java\jdk1.8.0_181\jre\bin\net.dll
0x00007fffc00c0000 - 0x00007fffc012a000 	C:\WINDOWS\system32\mswsock.dll
0x00007fffbfdb0000 - 0x00007fffbfdeb000 	C:\WINDOWS\SYSTEM32\IPHLPAPI.DLL
0x00007fffc2500000 - 0x00007fffc2508000 	C:\WINDOWS\System32\NSI.dll
0x00007fffbb3c0000 - 0x00007fffbb3d7000 	C:\WINDOWS\SYSTEM32\dhcpcsvc6.DLL
0x00007fffbb1f0000 - 0x00007fffbb20d000 	C:\WINDOWS\SYSTEM32\dhcpcsvc.DLL
0x00007fffbfdf0000 - 0x00007fffbfebb000 	C:\WINDOWS\SYSTEM32\DNSAPI.dll
0x00000000523c0000 - 0x00000000523cd000 	C:\Program Files\Java\jdk1.8.0_181\jre\bin\management.dll
0x00007fffb6c70000 - 0x00007fffb6c87000 	C:\WINDOWS\system32\napinsp.dll
0x00007fffa49c0000 - 0x00007fffa49db000 	C:\WINDOWS\system32\pnrpnsp.dll
0x00007fffa49a0000 - 0x00007fffa49b5000 	C:\WINDOWS\system32\wshbth.dll
0x00007fffbb490000 - 0x00007fffbb4ad000 	C:\WINDOWS\system32\NLAapi.dll
0x00007fffa4980000 - 0x00007fffa4992000 	C:\WINDOWS\System32\winrnr.dll
0x00007fffb8430000 - 0x00007fffb843a000 	C:\Windows\System32\rasadhlp.dll
0x00007fffb9690000 - 0x00007fffb9710000 	C:\WINDOWS\System32\fwpuclnt.dll
0x00007fffc1200000 - 0x00007fffc1227000 	C:\WINDOWS\System32\bcrypt.dll
0x00007fffc0330000 - 0x00007fffc0348000 	C:\WINDOWS\SYSTEM32\CRYPTSP.dll
0x00007fffbf970000 - 0x00007fffbf9a4000 	C:\WINDOWS\system32\rsaenh.dll
0x00007fffc0870000 - 0x00007fffc089e000 	C:\WINDOWS\SYSTEM32\USERENV.dll
0x00007fffc1230000 - 0x00007fffc12b2000 	C:\WINDOWS\System32\bcryptprimitives.dll
0x00007fffc0320000 - 0x00007fffc032c000 	C:\WINDOWS\SYSTEM32\CRYPTBASE.dll
0x0000000052400000 - 0x0000000052411000 	C:\Program Files\Java\jdk1.8.0_181\jre\bin\nio.dll
0x0000000180000000 - 0x0000000180288000 	D:\ChromeCoreDownloads\apache-tomcat-9.0.69\bin\tcnative-1.dll
0x00007fffc1030000 - 0x00007fffc1186000 	C:\WINDOWS\System32\CRYPT32.dll
0x0000000052390000 - 0x00000000523b4000 	C:\Program Files\Java\jdk1.8.0_181\jre\bin\sunec.dll

VM Arguments:
jvm_args: -ea -Didea.test.cyclic.buffer.size=1048576 -javaagent:D:\idea\IntelliJ IDEA 2021.2.3\lib\idea_rt.jar=49558:D:\idea\IntelliJ IDEA 2021.2.3\bin -Dfile.encoding=UTF-8 
java_command: com.intellij.rt.junit.JUnitStarter -ideVersion5 -junit4 com.cjx.Test,test
java_class_path (initial): D:\idea\IntelliJ IDEA 2021.2.3\lib\idea_rt.jar;D:\idea\IntelliJ IDEA 2021.2.3\plugins\junit\lib\junit5-rt.jar;D:\idea\IntelliJ IDEA 2021.2.3\plugins\junit\lib\junit-rt.jar;C:\Program Files\Java\jdk1.8.0_181\jre\lib\charsets.jar;C:\Program Files\Java\jdk1.8.0_181\jre\lib\deploy.jar;C:\Program Files\Java\jdk1.8.0_181\jre\lib\ext\access-bridge-64.jar;C:\Program Files\Java\jdk1.8.0_181\jre\lib\ext\cldrdata.jar;C:\Program Files\Java\jdk1.8.0_181\jre\lib\ext\dnsns.jar;C:\Program Files\Java\jdk1.8.0_181\jre\lib\ext\jaccess.jar;C:\Program Files\Java\jdk1.8.0_181\jre\lib\ext\jfxrt.jar;C:\Program Files\Java\jdk1.8.0_181\jre\lib\ext\localedata.jar;C:\Program Files\Java\jdk1.8.0_181\jre\lib\ext\nashorn.jar;C:\Program Files\Java\jdk1.8.0_181\jre\lib\ext\sunec.jar;C:\Program Files\Java\jdk1.8.0_181\jre\lib\ext\sunjce_provider.jar;C:\Program Files\Java\jdk1.8.0_181\jre\lib\ext\sunmscapi.jar;C:\Program Files\Java\jdk1.8.0_181\jre\lib\ext\sunpkcs11.jar;C:\Program Files\Java\jdk1.8.0_181\jre\lib\ext\zipfs.jar;C:\Program Files\Java\jdk1.8.0_181\jre\lib\javaws.jar;C:\Program Files\Java\jdk1.8.0_181\jre\lib\jce.jar;C:\Program Files\Java\jdk1.8.0_181\jre\lib\jfr.jar;C:\Program Files\Java\jdk1.8.0_181\jre\lib\jfxswt.jar;C:\Program Files\Java\jdk1.8.0_181\jre\lib\jsse.jar;C:\Program Files\Java\jdk1.8.0_181\jre\lib\management-agent.jar;C:\Program Files\Java\jdk1.8.0_181\jre\lib\plugin.jar;C:\Program Files\Java\jdk1.8.0_181\jre\lib\resources.jar;C:\Program Files\Java\jdk1.8.0_181\jre\lib\rt.jar;E:\BProjectFiles\yingxueDemo1\videos\target\test-classes;E:\BProjectFiles\yingxueDemo1\videos\target\classes;E:\BProjectFiles\yingxueDemo1\commons\target\classes;D:\maven\maven_repository\org\springframework\boot\spring-boot-starter-web\2.3.5.RELEASE\spring-boot-starter-web-2.3.5.RELEASE.jar;D:\maven\maven_repository\org\springframework\boot\spring-boot-starter-json\2.3.5.RELEASE\spring-boot-starter-json-2.3.5.RELEASE.jar;D:\maven\maven_repository\com\fasterxml\jackson\cor
Launcher Type: SUN_STANDARD

Environment Variables:
JAVA_HOME=C:\Program Files\Java\jdk1.8.0_181
USERNAME=chenxin
OS=Windows_NT
PROCESSOR_IDENTIFIER=Intel64 Family 6 Model 158 Stepping 10, GenuineIntel



---------------  S Y S T E M  ---------------

OS: Windows 10.0 , 64 bit Build 19041 (10.0.19041.2546)

CPU:total 12 (initial active 12) (6 cores per cpu, 2 threads per core) family 6 model 158 stepping 10, cmov, cx8, fxsr, mmx, sse, sse2, sse3, ssse3, sse4.1, sse4.2, popcnt, avx, avx2, aes, clmul, erms, 3dnowpref, lzcnt, ht, tsc, tscinvbit, bmi1, bmi2, adx

Memory: 4k page, physical 16631236k(2994608k free), swap 20526532k(6036k free)

vm_info: Java HotSpot(TM) 64-Bit Server VM (25.181-b13) for windows-amd64 JRE (1.8.0_181-b13), built on Jul  7 2018 04:01:33 by "java_re" with MS VC++ 10.0 (VS2010)

time: Fri Mar 17 09:09:20 2023
elapsed time: 18 seconds (0d 0h 0m 18s)

